2025-02-26 02:18:27,240 - INFO - Server started on localhost:8000
2025-02-26 02:18:36,288 - INFO - Login attempt for user: a
2025-02-26 02:18:36,499 - INFO - GRPC Incoming - GetMessages - Size: 41 bytes | Session Token: 2ddee550-776d-4c34-afdd-3b1f3a4af06a
2025-02-26 02:18:36,500 - INFO - GRPC Outgoing - GetMessages - Size: 451 bytes | Retrieved 7 messages
2025-02-26 02:18:38,402 - INFO - GRPC Incoming - GetMessages - Size: 41 bytes | Session Token: 2ddee550-776d-4c34-afdd-3b1f3a4af06a
2025-02-26 02:18:38,403 - INFO - GRPC Outgoing - GetMessages - Size: 451 bytes | Retrieved 7 messages
2025-02-26 02:18:40,304 - INFO - GRPC Incoming - GetMessages - Size: 41 bytes | Session Token: 2ddee550-776d-4c34-afdd-3b1f3a4af06a
2025-02-26 02:18:40,304 - INFO - GRPC Outgoing - GetMessages - Size: 451 bytes | Retrieved 7 messages
2025-02-26 02:18:42,264 - INFO - GRPC Incoming - GetMessages - Size: 41 bytes | Session Token: 2ddee550-776d-4c34-afdd-3b1f3a4af06a
2025-02-26 02:18:42,265 - INFO - GRPC Outgoing - GetMessages - Size: 451 bytes | Retrieved 7 messages
2025-02-26 02:18:42,865 - INFO - GRPC Incoming - GetMessages - Size: 40 bytes | Session Token: 2ddee550-776d-4c34-afdd-3b1f3a4af06a
2025-02-26 02:18:42,866 - INFO - GRPC Outgoing - GetMessages - Size: 451 bytes | Retrieved 7 messages
2025-02-26 02:18:44,264 - INFO - GRPC Incoming - GetMessages - Size: 41 bytes | Session Token: 2ddee550-776d-4c34-afdd-3b1f3a4af06a
2025-02-26 02:18:44,265 - INFO - GRPC Outgoing - GetMessages - Size: 451 bytes | Retrieved 7 messages
2025-02-26 02:18:44,266 - INFO - GRPC Incoming - GetMessages - Size: 40 bytes | Session Token: 2ddee550-776d-4c34-afdd-3b1f3a4af06a
2025-02-26 02:18:44,267 - INFO - GRPC Outgoing - GetMessages - Size: 451 bytes | Retrieved 7 messages
2025-02-26 02:18:46,265 - INFO - GRPC Incoming - GetMessages - Size: 41 bytes | Session Token: 2ddee550-776d-4c34-afdd-3b1f3a4af06a
2025-02-26 02:18:46,266 - INFO - GRPC Outgoing - GetMessages - Size: 451 bytes | Retrieved 7 messages
2025-02-26 02:18:46,268 - INFO - GRPC Incoming - GetMessages - Size: 40 bytes | Session Token: 2ddee550-776d-4c34-afdd-3b1f3a4af06a
2025-02-26 02:18:46,268 - INFO - GRPC Outgoing - GetMessages - Size: 451 bytes | Retrieved 7 messages
2025-02-26 02:18:48,264 - INFO - GRPC Incoming - GetMessages - Size: 41 bytes | Session Token: 2ddee550-776d-4c34-afdd-3b1f3a4af06a
2025-02-26 02:18:48,265 - INFO - GRPC Outgoing - GetMessages - Size: 451 bytes | Retrieved 7 messages
2025-02-26 02:18:48,266 - INFO - GRPC Incoming - GetMessages - Size: 40 bytes | Session Token: 2ddee550-776d-4c34-afdd-3b1f3a4af06a
2025-02-26 02:18:48,267 - INFO - GRPC Outgoing - GetMessages - Size: 451 bytes | Retrieved 7 messages
2025-02-26 02:18:48,861 - INFO - GRPC Incoming - SendMessage - Size: 52 bytes | Sender: 2ddee550-776d-4c34-afdd-3b1f3a4af06a -> Recipient: mo
2025-02-26 02:18:48,862 - INFO - Storing message | Sender: a -> Recipient: mo | Message Size: 8 bytes | Message ID: 62eb40da-8495-4577-b6bd-22a0ff893eaa
2025-02-26 02:18:48,865 - INFO - Message stored successfully | Message ID: 62eb40da-8495-4577-b6bd-22a0ff893eaa
2025-02-26 02:18:48,865 - INFO - GRPC Outgoing - SendMessage - Size: 40 bytes | Success: True
2025-02-26 02:18:48,866 - INFO - GRPC Incoming - GetMessages - Size: 40 bytes | Session Token: 2ddee550-776d-4c34-afdd-3b1f3a4af06a
2025-02-26 02:18:48,867 - INFO - GRPC Outgoing - GetMessages - Size: 517 bytes | Retrieved 8 messages
2025-02-26 02:18:50,265 - INFO - GRPC Incoming - GetMessages - Size: 41 bytes | Session Token: 2ddee550-776d-4c34-afdd-3b1f3a4af06a
2025-02-26 02:18:50,266 - INFO - GRPC Outgoing - GetMessages - Size: 517 bytes | Retrieved 8 messages
2025-02-26 02:18:50,267 - INFO - GRPC Incoming - GetMessages - Size: 40 bytes | Session Token: 2ddee550-776d-4c34-afdd-3b1f3a4af06a
2025-02-26 02:18:50,268 - INFO - GRPC Outgoing - GetMessages - Size: 517 bytes | Retrieved 8 messages
2025-02-26 02:18:52,265 - INFO - GRPC Incoming - GetMessages - Size: 41 bytes | Session Token: 2ddee550-776d-4c34-afdd-3b1f3a4af06a
2025-02-26 02:18:52,266 - INFO - GRPC Outgoing - GetMessages - Size: 517 bytes | Retrieved 8 messages
2025-02-26 02:18:52,267 - INFO - GRPC Incoming - GetMessages - Size: 40 bytes | Session Token: 2ddee550-776d-4c34-afdd-3b1f3a4af06a
2025-02-26 02:18:52,268 - INFO - GRPC Outgoing - GetMessages - Size: 517 bytes | Retrieved 8 messages
2025-02-26 02:18:54,264 - INFO - GRPC Incoming - GetMessages - Size: 41 bytes | Session Token: 2ddee550-776d-4c34-afdd-3b1f3a4af06a
2025-02-26 02:18:54,265 - INFO - GRPC Outgoing - GetMessages - Size: 517 bytes | Retrieved 8 messages
2025-02-26 02:18:54,266 - INFO - GRPC Incoming - GetMessages - Size: 40 bytes | Session Token: 2ddee550-776d-4c34-afdd-3b1f3a4af06a
2025-02-26 02:18:54,267 - INFO - GRPC Outgoing - GetMessages - Size: 517 bytes | Retrieved 8 messages
2025-02-26 02:18:56,264 - INFO - GRPC Incoming - GetMessages - Size: 41 bytes | Session Token: 2ddee550-776d-4c34-afdd-3b1f3a4af06a
2025-02-26 02:18:56,265 - INFO - GRPC Outgoing - GetMessages - Size: 517 bytes | Retrieved 8 messages
2025-02-26 02:18:56,266 - INFO - GRPC Incoming - GetMessages - Size: 40 bytes | Session Token: 2ddee550-776d-4c34-afdd-3b1f3a4af06a
2025-02-26 02:18:56,266 - INFO - GRPC Outgoing - GetMessages - Size: 517 bytes | Retrieved 8 messages
2025-02-26 02:18:58,265 - INFO - GRPC Incoming - GetMessages - Size: 41 bytes | Session Token: 2ddee550-776d-4c34-afdd-3b1f3a4af06a
2025-02-26 02:18:58,266 - INFO - GRPC Outgoing - GetMessages - Size: 517 bytes | Retrieved 8 messages
2025-02-26 02:18:58,267 - INFO - GRPC Incoming - GetMessages - Size: 40 bytes | Session Token: 2ddee550-776d-4c34-afdd-3b1f3a4af06a
2025-02-26 02:18:58,268 - INFO - GRPC Outgoing - GetMessages - Size: 517 bytes | Retrieved 8 messages
2025-02-26 02:19:00,266 - INFO - GRPC Incoming - GetMessages - Size: 41 bytes | Session Token: 2ddee550-776d-4c34-afdd-3b1f3a4af06a
2025-02-26 02:19:00,267 - INFO - GRPC Outgoing - GetMessages - Size: 517 bytes | Retrieved 8 messages
2025-02-26 02:19:00,269 - INFO - GRPC Incoming - GetMessages - Size: 40 bytes | Session Token: 2ddee550-776d-4c34-afdd-3b1f3a4af06a
2025-02-26 02:19:00,270 - INFO - GRPC Outgoing - GetMessages - Size: 517 bytes | Retrieved 8 messages
2025-02-26 02:19:02,265 - INFO - GRPC Incoming - GetMessages - Size: 41 bytes | Session Token: 2ddee550-776d-4c34-afdd-3b1f3a4af06a
2025-02-26 02:19:02,266 - INFO - GRPC Outgoing - GetMessages - Size: 517 bytes | Retrieved 8 messages
2025-02-26 02:19:02,267 - INFO - GRPC Incoming - GetMessages - Size: 40 bytes | Session Token: 2ddee550-776d-4c34-afdd-3b1f3a4af06a
2025-02-26 02:19:02,268 - INFO - GRPC Outgoing - GetMessages - Size: 517 bytes | Retrieved 8 messages
2025-02-26 02:19:02,897 - INFO - GRPC Incoming - SendMessage - Size: 81 bytes | Sender: 2ddee550-776d-4c34-afdd-3b1f3a4af06a -> Recipient: mo
2025-02-26 02:19:02,898 - INFO - Storing message | Sender: a -> Recipient: mo | Message Size: 37 bytes | Message ID: 6cf1b4c2-44ca-440e-ab31-49d085f481e8
2025-02-26 02:19:02,900 - INFO - Message stored successfully | Message ID: 6cf1b4c2-44ca-440e-ab31-49d085f481e8
2025-02-26 02:19:02,901 - INFO - GRPC Outgoing - SendMessage - Size: 40 bytes | Success: True
2025-02-26 02:19:02,903 - INFO - GRPC Incoming - GetMessages - Size: 40 bytes | Session Token: 2ddee550-776d-4c34-afdd-3b1f3a4af06a
2025-02-26 02:19:02,903 - INFO - GRPC Outgoing - GetMessages - Size: 612 bytes | Retrieved 9 messages
2025-02-26 02:19:04,265 - INFO - GRPC Incoming - GetMessages - Size: 41 bytes | Session Token: 2ddee550-776d-4c34-afdd-3b1f3a4af06a
2025-02-26 02:19:04,267 - INFO - GRPC Outgoing - GetMessages - Size: 612 bytes | Retrieved 9 messages
2025-02-26 02:19:04,268 - INFO - GRPC Incoming - GetMessages - Size: 40 bytes | Session Token: 2ddee550-776d-4c34-afdd-3b1f3a4af06a
2025-02-26 02:19:04,269 - INFO - GRPC Outgoing - GetMessages - Size: 612 bytes | Retrieved 9 messages
2025-02-26 02:19:06,265 - INFO - GRPC Incoming - GetMessages - Size: 41 bytes | Session Token: 2ddee550-776d-4c34-afdd-3b1f3a4af06a
2025-02-26 02:19:06,265 - INFO - GRPC Outgoing - GetMessages - Size: 612 bytes | Retrieved 9 messages
2025-02-26 02:19:06,267 - INFO - GRPC Incoming - GetMessages - Size: 40 bytes | Session Token: 2ddee550-776d-4c34-afdd-3b1f3a4af06a
2025-02-26 02:19:06,267 - INFO - GRPC Outgoing - GetMessages - Size: 612 bytes | Retrieved 9 messages
2025-02-26 02:19:08,082 - INFO - Logout attempt for user: a
2025-02-26 02:21:35,225 - INFO - Shutting down server...
2025-02-26 03:02:55,187 - INFO - Server started on localhost:8000
2025-02-26 03:03:01,922 - INFO - Login attempt for user: a
2025-02-26 03:03:02,150 - INFO - GRPC Incoming - GetMessages - Size: 41 bytes | Session Token: 022d3310-f047-48f2-9296-7285fb8b6130
2025-02-26 03:03:02,151 - INFO - GRPC Outgoing - GetMessages - Size: 612 bytes | Retrieved 9 messages
2025-02-26 03:03:04,107 - INFO - GRPC Incoming - GetMessages - Size: 41 bytes | Session Token: 022d3310-f047-48f2-9296-7285fb8b6130
2025-02-26 03:03:04,108 - INFO - GRPC Outgoing - GetMessages - Size: 612 bytes | Retrieved 9 messages
2025-02-26 03:03:06,108 - INFO - GRPC Incoming - GetMessages - Size: 41 bytes | Session Token: 022d3310-f047-48f2-9296-7285fb8b6130
2025-02-26 03:03:06,109 - INFO - GRPC Outgoing - GetMessages - Size: 612 bytes | Retrieved 9 messages
2025-02-26 03:03:08,109 - INFO - GRPC Incoming - GetMessages - Size: 41 bytes | Session Token: 022d3310-f047-48f2-9296-7285fb8b6130
2025-02-26 03:03:08,110 - INFO - GRPC Outgoing - GetMessages - Size: 612 bytes | Retrieved 9 messages
2025-02-26 03:03:10,108 - INFO - GRPC Incoming - GetMessages - Size: 41 bytes | Session Token: 022d3310-f047-48f2-9296-7285fb8b6130
2025-02-26 03:03:10,109 - INFO - GRPC Outgoing - GetMessages - Size: 612 bytes | Retrieved 9 messages
2025-02-26 03:03:12,108 - INFO - GRPC Incoming - GetMessages - Size: 41 bytes | Session Token: 022d3310-f047-48f2-9296-7285fb8b6130
2025-02-26 03:03:12,109 - INFO - GRPC Outgoing - GetMessages - Size: 612 bytes | Retrieved 9 messages
2025-02-26 03:03:14,106 - INFO - GRPC Incoming - GetMessages - Size: 41 bytes | Session Token: 022d3310-f047-48f2-9296-7285fb8b6130
2025-02-26 03:03:14,106 - INFO - GRPC Outgoing - GetMessages - Size: 612 bytes | Retrieved 9 messages
2025-02-26 03:03:16,106 - INFO - GRPC Incoming - GetMessages - Size: 41 bytes | Session Token: 022d3310-f047-48f2-9296-7285fb8b6130
2025-02-26 03:03:16,106 - INFO - GRPC Outgoing - GetMessages - Size: 612 bytes | Retrieved 9 messages
2025-02-26 03:03:18,110 - INFO - GRPC Incoming - GetMessages - Size: 41 bytes | Session Token: 022d3310-f047-48f2-9296-7285fb8b6130
2025-02-26 03:03:18,111 - INFO - GRPC Outgoing - GetMessages - Size: 612 bytes | Retrieved 9 messages
2025-02-26 03:03:20,109 - INFO - GRPC Incoming - GetMessages - Size: 41 bytes | Session Token: 022d3310-f047-48f2-9296-7285fb8b6130
2025-02-26 03:03:20,110 - INFO - GRPC Outgoing - GetMessages - Size: 612 bytes | Retrieved 9 messages
2025-02-26 03:03:22,107 - INFO - GRPC Incoming - GetMessages - Size: 41 bytes | Session Token: 022d3310-f047-48f2-9296-7285fb8b6130
2025-02-26 03:03:22,108 - INFO - GRPC Outgoing - GetMessages - Size: 612 bytes | Retrieved 9 messages
2025-02-26 03:03:22,684 - INFO - GRPC Incoming - GetMessages - Size: 40 bytes | Session Token: 022d3310-f047-48f2-9296-7285fb8b6130
2025-02-26 03:03:22,684 - INFO - GRPC Outgoing - GetMessages - Size: 612 bytes | Retrieved 9 messages
2025-02-26 03:03:24,109 - INFO - GRPC Incoming - GetMessages - Size: 41 bytes | Session Token: 022d3310-f047-48f2-9296-7285fb8b6130
2025-02-26 03:03:24,110 - INFO - GRPC Outgoing - GetMessages - Size: 612 bytes | Retrieved 9 messages
2025-02-26 03:03:24,111 - INFO - GRPC Incoming - GetMessages - Size: 40 bytes | Session Token: 022d3310-f047-48f2-9296-7285fb8b6130
2025-02-26 03:03:24,112 - INFO - GRPC Outgoing - GetMessages - Size: 612 bytes | Retrieved 9 messages
2025-02-26 03:03:25,518 - INFO - GRPC Incoming - GetMessages - Size: 40 bytes | Session Token: 022d3310-f047-48f2-9296-7285fb8b6130
2025-02-26 03:03:25,519 - INFO - GRPC Outgoing - GetMessages - Size: 612 bytes | Retrieved 9 messages
2025-02-26 03:03:26,068 - INFO - GRPC Incoming - GetMessages - Size: 40 bytes | Session Token: 022d3310-f047-48f2-9296-7285fb8b6130
2025-02-26 03:03:26,069 - INFO - GRPC Outgoing - GetMessages - Size: 612 bytes | Retrieved 9 messages
2025-02-26 03:03:26,107 - INFO - GRPC Incoming - GetMessages - Size: 41 bytes | Session Token: 022d3310-f047-48f2-9296-7285fb8b6130
2025-02-26 03:03:26,108 - INFO - GRPC Outgoing - GetMessages - Size: 612 bytes | Retrieved 9 messages
2025-02-26 03:03:26,108 - INFO - GRPC Incoming - GetMessages - Size: 40 bytes | Session Token: 022d3310-f047-48f2-9296-7285fb8b6130
2025-02-26 03:03:26,109 - INFO - GRPC Outgoing - GetMessages - Size: 612 bytes | Retrieved 9 messages
2025-02-26 03:03:28,109 - INFO - GRPC Incoming - GetMessages - Size: 41 bytes | Session Token: 022d3310-f047-48f2-9296-7285fb8b6130
2025-02-26 03:03:28,109 - INFO - GRPC Outgoing - GetMessages - Size: 612 bytes | Retrieved 9 messages
2025-02-26 03:03:28,111 - INFO - GRPC Incoming - GetMessages - Size: 40 bytes | Session Token: 022d3310-f047-48f2-9296-7285fb8b6130
2025-02-26 03:03:28,111 - INFO - GRPC Outgoing - GetMessages - Size: 612 bytes | Retrieved 9 messages
2025-02-26 03:03:28,167 - INFO - GRPC Incoming - GetMessages - Size: 40 bytes | Session Token: 022d3310-f047-48f2-9296-7285fb8b6130
2025-02-26 03:03:28,168 - INFO - GRPC Outgoing - GetMessages - Size: 612 bytes | Retrieved 9 messages
2025-02-26 03:03:30,109 - INFO - GRPC Incoming - GetMessages - Size: 41 bytes | Session Token: 022d3310-f047-48f2-9296-7285fb8b6130
2025-02-26 03:03:30,109 - INFO - GRPC Outgoing - GetMessages - Size: 612 bytes | Retrieved 9 messages
2025-02-26 03:03:30,110 - INFO - GRPC Incoming - GetMessages - Size: 40 bytes | Session Token: 022d3310-f047-48f2-9296-7285fb8b6130
2025-02-26 03:03:30,111 - INFO - GRPC Outgoing - GetMessages - Size: 612 bytes | Retrieved 9 messages
2025-02-26 03:03:32,108 - INFO - GRPC Incoming - GetMessages - Size: 41 bytes | Session Token: 022d3310-f047-48f2-9296-7285fb8b6130
2025-02-26 03:03:32,109 - INFO - GRPC Outgoing - GetMessages - Size: 612 bytes | Retrieved 9 messages
2025-02-26 03:03:32,110 - INFO - GRPC Incoming - GetMessages - Size: 40 bytes | Session Token: 022d3310-f047-48f2-9296-7285fb8b6130
2025-02-26 03:03:32,110 - INFO - GRPC Outgoing - GetMessages - Size: 612 bytes | Retrieved 9 messages
2025-02-26 03:03:34,111 - INFO - GRPC Incoming - GetMessages - Size: 41 bytes | Session Token: 022d3310-f047-48f2-9296-7285fb8b6130
2025-02-26 03:03:34,116 - INFO - GRPC Outgoing - GetMessages - Size: 612 bytes | Retrieved 9 messages
2025-02-26 03:03:34,121 - INFO - GRPC Incoming - GetMessages - Size: 40 bytes | Session Token: 022d3310-f047-48f2-9296-7285fb8b6130
2025-02-26 03:03:34,125 - INFO - GRPC Outgoing - GetMessages - Size: 612 bytes | Retrieved 9 messages
2025-02-26 03:03:36,109 - INFO - GRPC Incoming - GetMessages - Size: 41 bytes | Session Token: 022d3310-f047-48f2-9296-7285fb8b6130
2025-02-26 03:03:36,110 - INFO - GRPC Outgoing - GetMessages - Size: 612 bytes | Retrieved 9 messages
2025-02-26 03:03:36,111 - INFO - GRPC Incoming - GetMessages - Size: 40 bytes | Session Token: 022d3310-f047-48f2-9296-7285fb8b6130
2025-02-26 03:03:36,111 - INFO - GRPC Outgoing - GetMessages - Size: 612 bytes | Retrieved 9 messages
2025-02-26 03:03:38,115 - INFO - GRPC Incoming - GetMessages - Size: 41 bytes | Session Token: 022d3310-f047-48f2-9296-7285fb8b6130
2025-02-26 03:03:38,115 - INFO - GRPC Outgoing - GetMessages - Size: 612 bytes | Retrieved 9 messages
2025-02-26 03:03:38,116 - INFO - GRPC Incoming - GetMessages - Size: 40 bytes | Session Token: 022d3310-f047-48f2-9296-7285fb8b6130
2025-02-26 03:03:38,116 - INFO - GRPC Outgoing - GetMessages - Size: 612 bytes | Retrieved 9 messages
2025-02-26 03:03:40,108 - INFO - GRPC Incoming - GetMessages - Size: 41 bytes | Session Token: 022d3310-f047-48f2-9296-7285fb8b6130
2025-02-26 03:03:40,109 - INFO - GRPC Outgoing - GetMessages - Size: 612 bytes | Retrieved 9 messages
2025-02-26 03:03:40,110 - INFO - GRPC Incoming - GetMessages - Size: 40 bytes | Session Token: 022d3310-f047-48f2-9296-7285fb8b6130
2025-02-26 03:03:40,110 - INFO - GRPC Outgoing - GetMessages - Size: 612 bytes | Retrieved 9 messages
2025-02-26 03:03:42,106 - INFO - GRPC Incoming - GetMessages - Size: 41 bytes | Session Token: 022d3310-f047-48f2-9296-7285fb8b6130
2025-02-26 03:03:42,106 - INFO - GRPC Outgoing - GetMessages - Size: 612 bytes | Retrieved 9 messages
2025-02-26 03:03:42,107 - INFO - GRPC Incoming - GetMessages - Size: 40 bytes | Session Token: 022d3310-f047-48f2-9296-7285fb8b6130
2025-02-26 03:03:42,107 - INFO - GRPC Outgoing - GetMessages - Size: 612 bytes | Retrieved 9 messages
2025-02-26 03:03:44,109 - INFO - GRPC Incoming - GetMessages - Size: 41 bytes | Session Token: 022d3310-f047-48f2-9296-7285fb8b6130
2025-02-26 03:03:44,110 - INFO - GRPC Outgoing - GetMessages - Size: 612 bytes | Retrieved 9 messages
2025-02-26 03:03:44,112 - INFO - GRPC Incoming - GetMessages - Size: 40 bytes | Session Token: 022d3310-f047-48f2-9296-7285fb8b6130
2025-02-26 03:03:44,113 - INFO - GRPC Outgoing - GetMessages - Size: 612 bytes | Retrieved 9 messages
2025-02-26 03:03:46,108 - INFO - GRPC Incoming - GetMessages - Size: 41 bytes | Session Token: 022d3310-f047-48f2-9296-7285fb8b6130
2025-02-26 03:03:46,109 - INFO - GRPC Outgoing - GetMessages - Size: 612 bytes | Retrieved 9 messages
2025-02-26 03:03:46,110 - INFO - GRPC Incoming - GetMessages - Size: 40 bytes | Session Token: 022d3310-f047-48f2-9296-7285fb8b6130
2025-02-26 03:03:46,110 - INFO - GRPC Outgoing - GetMessages - Size: 612 bytes | Retrieved 9 messages
2025-02-26 03:03:48,109 - INFO - GRPC Incoming - GetMessages - Size: 41 bytes | Session Token: 022d3310-f047-48f2-9296-7285fb8b6130
2025-02-26 03:03:48,109 - INFO - GRPC Outgoing - GetMessages - Size: 612 bytes | Retrieved 9 messages
2025-02-26 03:03:48,111 - INFO - GRPC Incoming - GetMessages - Size: 40 bytes | Session Token: 022d3310-f047-48f2-9296-7285fb8b6130
2025-02-26 03:03:48,111 - INFO - GRPC Outgoing - GetMessages - Size: 612 bytes | Retrieved 9 messages
2025-02-26 03:03:48,583 - INFO - GRPC Incoming - SendMessage - Size: 48 bytes | Sender: 022d3310-f047-48f2-9296-7285fb8b6130 -> Recipient: mo
2025-02-26 03:03:48,584 - INFO - Storing message | Sender: a -> Recipient: mo | Message Size: 4 bytes | Message ID: 96b4e12b-e40f-42e8-8d23-4f37227e3f71
2025-02-26 03:03:48,587 - INFO - Message stored successfully | Message ID: 96b4e12b-e40f-42e8-8d23-4f37227e3f71
2025-02-26 03:03:48,588 - INFO - GRPC Outgoing - SendMessage - Size: 40 bytes | Success: True
2025-02-26 03:03:48,590 - INFO - GRPC Incoming - GetMessages - Size: 40 bytes | Session Token: 022d3310-f047-48f2-9296-7285fb8b6130
2025-02-26 03:03:48,590 - INFO - GRPC Outgoing - GetMessages - Size: 674 bytes | Retrieved 10 messages
2025-02-26 03:03:50,109 - INFO - GRPC Incoming - GetMessages - Size: 41 bytes | Session Token: 022d3310-f047-48f2-9296-7285fb8b6130
2025-02-26 03:03:50,109 - INFO - GRPC Outgoing - GetMessages - Size: 674 bytes | Retrieved 10 messages
2025-02-26 03:03:50,111 - INFO - GRPC Incoming - GetMessages - Size: 40 bytes | Session Token: 022d3310-f047-48f2-9296-7285fb8b6130
2025-02-26 03:03:50,111 - INFO - GRPC Outgoing - GetMessages - Size: 674 bytes | Retrieved 10 messages
2025-02-26 03:03:52,109 - INFO - GRPC Incoming - GetMessages - Size: 41 bytes | Session Token: 022d3310-f047-48f2-9296-7285fb8b6130
2025-02-26 03:03:52,110 - INFO - GRPC Outgoing - GetMessages - Size: 674 bytes | Retrieved 10 messages
2025-02-26 03:03:52,111 - INFO - GRPC Incoming - GetMessages - Size: 40 bytes | Session Token: 022d3310-f047-48f2-9296-7285fb8b6130
2025-02-26 03:03:52,112 - INFO - GRPC Outgoing - GetMessages - Size: 674 bytes | Retrieved 10 messages
2025-02-26 03:03:54,109 - INFO - GRPC Incoming - GetMessages - Size: 41 bytes | Session Token: 022d3310-f047-48f2-9296-7285fb8b6130
2025-02-26 03:03:54,110 - INFO - GRPC Outgoing - GetMessages - Size: 674 bytes | Retrieved 10 messages
2025-02-26 03:03:54,111 - INFO - GRPC Incoming - GetMessages - Size: 40 bytes | Session Token: 022d3310-f047-48f2-9296-7285fb8b6130
2025-02-26 03:03:54,112 - INFO - GRPC Outgoing - GetMessages - Size: 674 bytes | Retrieved 10 messages
2025-02-26 03:03:56,108 - INFO - GRPC Incoming - GetMessages - Size: 41 bytes | Session Token: 022d3310-f047-48f2-9296-7285fb8b6130
2025-02-26 03:03:56,109 - INFO - GRPC Outgoing - GetMessages - Size: 674 bytes | Retrieved 10 messages
2025-02-26 03:03:56,110 - INFO - GRPC Incoming - GetMessages - Size: 40 bytes | Session Token: 022d3310-f047-48f2-9296-7285fb8b6130
2025-02-26 03:03:56,110 - INFO - GRPC Outgoing - GetMessages - Size: 674 bytes | Retrieved 10 messages
2025-02-26 03:03:58,109 - INFO - GRPC Incoming - GetMessages - Size: 41 bytes | Session Token: 022d3310-f047-48f2-9296-7285fb8b6130
2025-02-26 03:03:58,109 - INFO - GRPC Outgoing - GetMessages - Size: 674 bytes | Retrieved 10 messages
2025-02-26 03:03:58,111 - INFO - GRPC Incoming - GetMessages - Size: 40 bytes | Session Token: 022d3310-f047-48f2-9296-7285fb8b6130
2025-02-26 03:03:58,111 - INFO - GRPC Outgoing - GetMessages - Size: 674 bytes | Retrieved 10 messages
2025-02-26 03:04:00,109 - INFO - GRPC Incoming - GetMessages - Size: 41 bytes | Session Token: 022d3310-f047-48f2-9296-7285fb8b6130
2025-02-26 03:04:00,110 - INFO - GRPC Outgoing - GetMessages - Size: 674 bytes | Retrieved 10 messages
2025-02-26 03:04:00,111 - INFO - GRPC Incoming - GetMessages - Size: 40 bytes | Session Token: 022d3310-f047-48f2-9296-7285fb8b6130
2025-02-26 03:04:00,111 - INFO - GRPC Outgoing - GetMessages - Size: 674 bytes | Retrieved 10 messages
2025-02-26 03:04:02,106 - INFO - GRPC Incoming - GetMessages - Size: 41 bytes | Session Token: 022d3310-f047-48f2-9296-7285fb8b6130
2025-02-26 03:04:02,107 - INFO - GRPC Outgoing - GetMessages - Size: 674 bytes | Retrieved 10 messages
2025-02-26 03:04:02,108 - INFO - GRPC Incoming - GetMessages - Size: 40 bytes | Session Token: 022d3310-f047-48f2-9296-7285fb8b6130
2025-02-26 03:04:02,108 - INFO - GRPC Outgoing - GetMessages - Size: 674 bytes | Retrieved 10 messages
2025-02-26 03:04:04,108 - INFO - GRPC Incoming - GetMessages - Size: 41 bytes | Session Token: 022d3310-f047-48f2-9296-7285fb8b6130
2025-02-26 03:04:04,109 - INFO - GRPC Outgoing - GetMessages - Size: 674 bytes | Retrieved 10 messages
2025-02-26 03:04:04,110 - INFO - GRPC Incoming - GetMessages - Size: 40 bytes | Session Token: 022d3310-f047-48f2-9296-7285fb8b6130
2025-02-26 03:04:04,111 - INFO - GRPC Outgoing - GetMessages - Size: 674 bytes | Retrieved 10 messages
2025-02-26 03:04:06,110 - INFO - GRPC Incoming - GetMessages - Size: 41 bytes | Session Token: 022d3310-f047-48f2-9296-7285fb8b6130
2025-02-26 03:04:06,111 - INFO - GRPC Outgoing - GetMessages - Size: 674 bytes | Retrieved 10 messages
2025-02-26 03:04:06,112 - INFO - GRPC Incoming - GetMessages - Size: 40 bytes | Session Token: 022d3310-f047-48f2-9296-7285fb8b6130
2025-02-26 03:04:06,113 - INFO - GRPC Outgoing - GetMessages - Size: 674 bytes | Retrieved 10 messages
2025-02-26 03:04:08,109 - INFO - GRPC Incoming - GetMessages - Size: 41 bytes | Session Token: 022d3310-f047-48f2-9296-7285fb8b6130
2025-02-26 03:04:08,111 - INFO - GRPC Outgoing - GetMessages - Size: 674 bytes | Retrieved 10 messages
2025-02-26 03:04:08,114 - INFO - GRPC Incoming - GetMessages - Size: 40 bytes | Session Token: 022d3310-f047-48f2-9296-7285fb8b6130
2025-02-26 03:04:08,115 - INFO - GRPC Outgoing - GetMessages - Size: 674 bytes | Retrieved 10 messages
2025-02-26 03:04:10,108 - INFO - GRPC Incoming - GetMessages - Size: 41 bytes | Session Token: 022d3310-f047-48f2-9296-7285fb8b6130
2025-02-26 03:04:10,109 - INFO - GRPC Outgoing - GetMessages - Size: 674 bytes | Retrieved 10 messages
2025-02-26 03:04:10,110 - INFO - GRPC Incoming - GetMessages - Size: 40 bytes | Session Token: 022d3310-f047-48f2-9296-7285fb8b6130
2025-02-26 03:04:10,110 - INFO - GRPC Outgoing - GetMessages - Size: 674 bytes | Retrieved 10 messages
2025-02-26 03:04:12,109 - INFO - GRPC Incoming - GetMessages - Size: 41 bytes | Session Token: 022d3310-f047-48f2-9296-7285fb8b6130
2025-02-26 03:04:12,110 - INFO - GRPC Outgoing - GetMessages - Size: 674 bytes | Retrieved 10 messages
2025-02-26 03:04:12,111 - INFO - GRPC Incoming - GetMessages - Size: 40 bytes | Session Token: 022d3310-f047-48f2-9296-7285fb8b6130
2025-02-26 03:04:12,111 - INFO - GRPC Outgoing - GetMessages - Size: 674 bytes | Retrieved 10 messages
2025-02-26 03:04:12,395 - INFO - GRPC Incoming - SendMessage - Size: 72 bytes | Sender: 022d3310-f047-48f2-9296-7285fb8b6130 -> Recipient: mo
2025-02-26 03:04:12,396 - INFO - Storing message | Sender: a -> Recipient: mo | Message Size: 28 bytes | Message ID: 6080ffa6-d658-4454-a8b8-5983eb8fc238
2025-02-26 03:04:12,398 - INFO - Message stored successfully | Message ID: 6080ffa6-d658-4454-a8b8-5983eb8fc238
2025-02-26 03:04:12,399 - INFO - GRPC Outgoing - SendMessage - Size: 40 bytes | Success: True
2025-02-26 03:04:12,400 - INFO - GRPC Incoming - GetMessages - Size: 40 bytes | Session Token: 022d3310-f047-48f2-9296-7285fb8b6130
2025-02-26 03:04:12,401 - INFO - GRPC Outgoing - GetMessages - Size: 760 bytes | Retrieved 11 messages
2025-02-26 03:04:14,108 - INFO - GRPC Incoming - GetMessages - Size: 41 bytes | Session Token: 022d3310-f047-48f2-9296-7285fb8b6130
2025-02-26 03:04:14,109 - INFO - GRPC Outgoing - GetMessages - Size: 760 bytes | Retrieved 11 messages
2025-02-26 03:04:14,110 - INFO - GRPC Incoming - GetMessages - Size: 40 bytes | Session Token: 022d3310-f047-48f2-9296-7285fb8b6130
2025-02-26 03:04:14,111 - INFO - GRPC Outgoing - GetMessages - Size: 760 bytes | Retrieved 11 messages
2025-02-26 03:04:16,109 - INFO - GRPC Incoming - GetMessages - Size: 41 bytes | Session Token: 022d3310-f047-48f2-9296-7285fb8b6130
2025-02-26 03:04:16,109 - INFO - GRPC Outgoing - GetMessages - Size: 760 bytes | Retrieved 11 messages
2025-02-26 03:04:16,111 - INFO - GRPC Incoming - GetMessages - Size: 40 bytes | Session Token: 022d3310-f047-48f2-9296-7285fb8b6130
2025-02-26 03:04:16,111 - INFO - GRPC Outgoing - GetMessages - Size: 760 bytes | Retrieved 11 messages
2025-02-26 03:04:18,108 - INFO - GRPC Incoming - GetMessages - Size: 41 bytes | Session Token: 022d3310-f047-48f2-9296-7285fb8b6130
2025-02-26 03:04:18,109 - INFO - GRPC Outgoing - GetMessages - Size: 760 bytes | Retrieved 11 messages
2025-02-26 03:04:18,110 - INFO - GRPC Incoming - GetMessages - Size: 40 bytes | Session Token: 022d3310-f047-48f2-9296-7285fb8b6130
2025-02-26 03:04:18,110 - INFO - GRPC Outgoing - GetMessages - Size: 760 bytes | Retrieved 11 messages
2025-02-26 03:04:20,108 - INFO - GRPC Incoming - GetMessages - Size: 41 bytes | Session Token: 022d3310-f047-48f2-9296-7285fb8b6130
2025-02-26 03:04:20,109 - INFO - GRPC Outgoing - GetMessages - Size: 760 bytes | Retrieved 11 messages
2025-02-26 03:04:20,111 - INFO - GRPC Incoming - GetMessages - Size: 40 bytes | Session Token: 022d3310-f047-48f2-9296-7285fb8b6130
2025-02-26 03:04:20,112 - INFO - GRPC Outgoing - GetMessages - Size: 760 bytes | Retrieved 11 messages
2025-02-26 03:04:22,108 - INFO - GRPC Incoming - GetMessages - Size: 41 bytes | Session Token: 022d3310-f047-48f2-9296-7285fb8b6130
2025-02-26 03:04:22,109 - INFO - GRPC Outgoing - GetMessages - Size: 760 bytes | Retrieved 11 messages
2025-02-26 03:04:22,110 - INFO - GRPC Incoming - GetMessages - Size: 40 bytes | Session Token: 022d3310-f047-48f2-9296-7285fb8b6130
2025-02-26 03:04:22,111 - INFO - GRPC Outgoing - GetMessages - Size: 760 bytes | Retrieved 11 messages
2025-02-26 03:04:24,108 - INFO - GRPC Incoming - GetMessages - Size: 41 bytes | Session Token: 022d3310-f047-48f2-9296-7285fb8b6130
2025-02-26 03:04:24,109 - INFO - GRPC Outgoing - GetMessages - Size: 760 bytes | Retrieved 11 messages
2025-02-26 03:04:24,110 - INFO - GRPC Incoming - GetMessages - Size: 40 bytes | Session Token: 022d3310-f047-48f2-9296-7285fb8b6130
2025-02-26 03:04:24,110 - INFO - GRPC Outgoing - GetMessages - Size: 760 bytes | Retrieved 11 messages
2025-02-26 03:04:26,105 - INFO - GRPC Incoming - GetMessages - Size: 41 bytes | Session Token: 022d3310-f047-48f2-9296-7285fb8b6130
2025-02-26 03:04:26,106 - INFO - GRPC Outgoing - GetMessages - Size: 760 bytes | Retrieved 11 messages
2025-02-26 03:04:26,106 - INFO - GRPC Incoming - GetMessages - Size: 40 bytes | Session Token: 022d3310-f047-48f2-9296-7285fb8b6130
2025-02-26 03:04:26,107 - INFO - GRPC Outgoing - GetMessages - Size: 760 bytes | Retrieved 11 messages
2025-02-26 03:04:28,108 - INFO - GRPC Incoming - GetMessages - Size: 41 bytes | Session Token: 022d3310-f047-48f2-9296-7285fb8b6130
2025-02-26 03:04:28,110 - INFO - GRPC Outgoing - GetMessages - Size: 760 bytes | Retrieved 11 messages
2025-02-26 03:04:28,111 - INFO - GRPC Incoming - GetMessages - Size: 40 bytes | Session Token: 022d3310-f047-48f2-9296-7285fb8b6130
2025-02-26 03:04:28,111 - INFO - GRPC Outgoing - GetMessages - Size: 760 bytes | Retrieved 11 messages
2025-02-26 03:04:29,093 - INFO - GRPC Incoming - SendMessage - Size: 120 bytes | Sender: 022d3310-f047-48f2-9296-7285fb8b6130 -> Recipient: mo
2025-02-26 03:04:29,094 - INFO - Storing message | Sender: a -> Recipient: mo | Message Size: 76 bytes | Message ID: 3bc6daed-1704-4dc5-a2f4-78f72a6b537e
2025-02-26 03:04:29,096 - INFO - Message stored successfully | Message ID: 3bc6daed-1704-4dc5-a2f4-78f72a6b537e
2025-02-26 03:04:29,097 - INFO - GRPC Outgoing - SendMessage - Size: 40 bytes | Success: True
2025-02-26 03:04:29,098 - INFO - GRPC Incoming - GetMessages - Size: 40 bytes | Session Token: 022d3310-f047-48f2-9296-7285fb8b6130
2025-02-26 03:04:29,099 - INFO - GRPC Outgoing - GetMessages - Size: 895 bytes | Retrieved 12 messages
2025-02-26 03:04:30,108 - INFO - GRPC Incoming - GetMessages - Size: 41 bytes | Session Token: 022d3310-f047-48f2-9296-7285fb8b6130
2025-02-26 03:04:30,108 - INFO - GRPC Outgoing - GetMessages - Size: 895 bytes | Retrieved 12 messages
2025-02-26 03:04:30,110 - INFO - GRPC Incoming - GetMessages - Size: 40 bytes | Session Token: 022d3310-f047-48f2-9296-7285fb8b6130
2025-02-26 03:04:30,110 - INFO - GRPC Outgoing - GetMessages - Size: 895 bytes | Retrieved 12 messages
2025-02-26 03:04:32,109 - INFO - GRPC Incoming - GetMessages - Size: 41 bytes | Session Token: 022d3310-f047-48f2-9296-7285fb8b6130
2025-02-26 03:04:32,109 - INFO - GRPC Outgoing - GetMessages - Size: 895 bytes | Retrieved 12 messages
2025-02-26 03:04:32,111 - INFO - GRPC Incoming - GetMessages - Size: 40 bytes | Session Token: 022d3310-f047-48f2-9296-7285fb8b6130
2025-02-26 03:04:32,111 - INFO - GRPC Outgoing - GetMessages - Size: 895 bytes | Retrieved 12 messages
2025-02-26 03:04:34,107 - INFO - GRPC Incoming - GetMessages - Size: 41 bytes | Session Token: 022d3310-f047-48f2-9296-7285fb8b6130
2025-02-26 03:04:34,108 - INFO - GRPC Outgoing - GetMessages - Size: 895 bytes | Retrieved 12 messages
2025-02-26 03:04:34,108 - INFO - GRPC Incoming - GetMessages - Size: 40 bytes | Session Token: 022d3310-f047-48f2-9296-7285fb8b6130
2025-02-26 03:04:34,109 - INFO - GRPC Outgoing - GetMessages - Size: 895 bytes | Retrieved 12 messages
2025-02-26 03:04:36,109 - INFO - GRPC Incoming - GetMessages - Size: 41 bytes | Session Token: 022d3310-f047-48f2-9296-7285fb8b6130
2025-02-26 03:04:36,110 - INFO - GRPC Outgoing - GetMessages - Size: 895 bytes | Retrieved 12 messages
2025-02-26 03:04:36,110 - INFO - GRPC Incoming - GetMessages - Size: 40 bytes | Session Token: 022d3310-f047-48f2-9296-7285fb8b6130
2025-02-26 03:04:36,111 - INFO - GRPC Outgoing - GetMessages - Size: 895 bytes | Retrieved 12 messages
2025-02-26 03:04:38,108 - INFO - GRPC Incoming - GetMessages - Size: 41 bytes | Session Token: 022d3310-f047-48f2-9296-7285fb8b6130
2025-02-26 03:04:38,109 - INFO - GRPC Outgoing - GetMessages - Size: 895 bytes | Retrieved 12 messages
2025-02-26 03:04:38,110 - INFO - GRPC Incoming - GetMessages - Size: 40 bytes | Session Token: 022d3310-f047-48f2-9296-7285fb8b6130
2025-02-26 03:04:38,111 - INFO - GRPC Outgoing - GetMessages - Size: 895 bytes | Retrieved 12 messages
2025-02-26 03:04:40,107 - INFO - GRPC Incoming - GetMessages - Size: 41 bytes | Session Token: 022d3310-f047-48f2-9296-7285fb8b6130
2025-02-26 03:04:40,108 - INFO - GRPC Outgoing - GetMessages - Size: 895 bytes | Retrieved 12 messages
2025-02-26 03:04:40,109 - INFO - GRPC Incoming - GetMessages - Size: 40 bytes | Session Token: 022d3310-f047-48f2-9296-7285fb8b6130
2025-02-26 03:04:40,109 - INFO - GRPC Outgoing - GetMessages - Size: 895 bytes | Retrieved 12 messages
2025-02-26 03:04:42,108 - INFO - GRPC Incoming - GetMessages - Size: 41 bytes | Session Token: 022d3310-f047-48f2-9296-7285fb8b6130
2025-02-26 03:04:42,109 - INFO - GRPC Outgoing - GetMessages - Size: 895 bytes | Retrieved 12 messages
2025-02-26 03:04:42,110 - INFO - GRPC Incoming - GetMessages - Size: 40 bytes | Session Token: 022d3310-f047-48f2-9296-7285fb8b6130
2025-02-26 03:04:42,111 - INFO - GRPC Outgoing - GetMessages - Size: 895 bytes | Retrieved 12 messages
2025-02-26 03:04:44,110 - INFO - GRPC Incoming - GetMessages - Size: 41 bytes | Session Token: 022d3310-f047-48f2-9296-7285fb8b6130
2025-02-26 03:04:44,112 - INFO - GRPC Outgoing - GetMessages - Size: 895 bytes | Retrieved 12 messages
2025-02-26 03:04:44,113 - INFO - GRPC Incoming - GetMessages - Size: 40 bytes | Session Token: 022d3310-f047-48f2-9296-7285fb8b6130
2025-02-26 03:04:44,113 - INFO - GRPC Outgoing - GetMessages - Size: 895 bytes | Retrieved 12 messages
2025-02-26 03:04:46,108 - INFO - GRPC Incoming - GetMessages - Size: 41 bytes | Session Token: 022d3310-f047-48f2-9296-7285fb8b6130
2025-02-26 03:04:46,109 - INFO - GRPC Outgoing - GetMessages - Size: 895 bytes | Retrieved 12 messages
2025-02-26 03:04:46,110 - INFO - GRPC Incoming - GetMessages - Size: 40 bytes | Session Token: 022d3310-f047-48f2-9296-7285fb8b6130
2025-02-26 03:04:46,111 - INFO - GRPC Outgoing - GetMessages - Size: 895 bytes | Retrieved 12 messages
2025-02-26 03:04:48,107 - INFO - GRPC Incoming - GetMessages - Size: 41 bytes | Session Token: 022d3310-f047-48f2-9296-7285fb8b6130
2025-02-26 03:04:48,108 - INFO - GRPC Outgoing - GetMessages - Size: 895 bytes | Retrieved 12 messages
2025-02-26 03:04:48,109 - INFO - GRPC Incoming - GetMessages - Size: 40 bytes | Session Token: 022d3310-f047-48f2-9296-7285fb8b6130
2025-02-26 03:04:48,109 - INFO - GRPC Outgoing - GetMessages - Size: 895 bytes | Retrieved 12 messages
2025-02-26 03:04:50,108 - INFO - GRPC Incoming - GetMessages - Size: 41 bytes | Session Token: 022d3310-f047-48f2-9296-7285fb8b6130
2025-02-26 03:04:50,108 - INFO - GRPC Outgoing - GetMessages - Size: 895 bytes | Retrieved 12 messages
2025-02-26 03:04:50,110 - INFO - GRPC Incoming - GetMessages - Size: 40 bytes | Session Token: 022d3310-f047-48f2-9296-7285fb8b6130
2025-02-26 03:04:50,110 - INFO - GRPC Outgoing - GetMessages - Size: 895 bytes | Retrieved 12 messages
2025-02-26 03:04:52,108 - INFO - GRPC Incoming - GetMessages - Size: 41 bytes | Session Token: 022d3310-f047-48f2-9296-7285fb8b6130
2025-02-26 03:04:52,108 - INFO - GRPC Outgoing - GetMessages - Size: 895 bytes | Retrieved 12 messages
2025-02-26 03:04:52,110 - INFO - GRPC Incoming - GetMessages - Size: 40 bytes | Session Token: 022d3310-f047-48f2-9296-7285fb8b6130
2025-02-26 03:04:52,110 - INFO - GRPC Outgoing - GetMessages - Size: 895 bytes | Retrieved 12 messages
2025-02-26 03:04:54,108 - INFO - GRPC Incoming - GetMessages - Size: 41 bytes | Session Token: 022d3310-f047-48f2-9296-7285fb8b6130
2025-02-26 03:04:54,108 - INFO - GRPC Outgoing - GetMessages - Size: 895 bytes | Retrieved 12 messages
2025-02-26 03:04:54,109 - INFO - GRPC Incoming - GetMessages - Size: 40 bytes | Session Token: 022d3310-f047-48f2-9296-7285fb8b6130
2025-02-26 03:04:54,109 - INFO - GRPC Outgoing - GetMessages - Size: 895 bytes | Retrieved 12 messages
2025-02-26 03:04:56,108 - INFO - GRPC Incoming - GetMessages - Size: 41 bytes | Session Token: 022d3310-f047-48f2-9296-7285fb8b6130
2025-02-26 03:04:56,108 - INFO - GRPC Outgoing - GetMessages - Size: 895 bytes | Retrieved 12 messages
2025-02-26 03:04:56,109 - INFO - GRPC Incoming - GetMessages - Size: 40 bytes | Session Token: 022d3310-f047-48f2-9296-7285fb8b6130
2025-02-26 03:04:56,110 - INFO - GRPC Outgoing - GetMessages - Size: 895 bytes | Retrieved 12 messages
2025-02-26 03:04:58,108 - INFO - GRPC Incoming - GetMessages - Size: 41 bytes | Session Token: 022d3310-f047-48f2-9296-7285fb8b6130
2025-02-26 03:04:58,109 - INFO - GRPC Outgoing - GetMessages - Size: 895 bytes | Retrieved 12 messages
2025-02-26 03:04:58,110 - INFO - GRPC Incoming - GetMessages - Size: 40 bytes | Session Token: 022d3310-f047-48f2-9296-7285fb8b6130
2025-02-26 03:04:58,111 - INFO - GRPC Outgoing - GetMessages - Size: 895 bytes | Retrieved 12 messages
2025-02-26 03:05:00,108 - INFO - GRPC Incoming - GetMessages - Size: 41 bytes | Session Token: 022d3310-f047-48f2-9296-7285fb8b6130
2025-02-26 03:05:00,109 - INFO - GRPC Outgoing - GetMessages - Size: 895 bytes | Retrieved 12 messages
2025-02-26 03:05:00,110 - INFO - GRPC Incoming - GetMessages - Size: 40 bytes | Session Token: 022d3310-f047-48f2-9296-7285fb8b6130
2025-02-26 03:05:00,111 - INFO - GRPC Outgoing - GetMessages - Size: 895 bytes | Retrieved 12 messages
2025-02-26 03:05:02,112 - INFO - GRPC Incoming - GetMessages - Size: 41 bytes | Session Token: 022d3310-f047-48f2-9296-7285fb8b6130
2025-02-26 03:05:02,113 - INFO - GRPC Outgoing - GetMessages - Size: 895 bytes | Retrieved 12 messages
2025-02-26 03:05:02,114 - INFO - GRPC Incoming - GetMessages - Size: 40 bytes | Session Token: 022d3310-f047-48f2-9296-7285fb8b6130
2025-02-26 03:05:02,115 - INFO - GRPC Outgoing - GetMessages - Size: 895 bytes | Retrieved 12 messages
2025-02-26 03:05:04,105 - INFO - GRPC Incoming - GetMessages - Size: 41 bytes | Session Token: 022d3310-f047-48f2-9296-7285fb8b6130
2025-02-26 03:05:04,105 - INFO - GRPC Outgoing - GetMessages - Size: 895 bytes | Retrieved 12 messages
2025-02-26 03:05:04,106 - INFO - GRPC Incoming - GetMessages - Size: 40 bytes | Session Token: 022d3310-f047-48f2-9296-7285fb8b6130
2025-02-26 03:05:04,106 - INFO - GRPC Outgoing - GetMessages - Size: 895 bytes | Retrieved 12 messages
2025-02-26 03:05:06,108 - INFO - GRPC Incoming - GetMessages - Size: 41 bytes | Session Token: 022d3310-f047-48f2-9296-7285fb8b6130
2025-02-26 03:05:06,111 - INFO - GRPC Outgoing - GetMessages - Size: 895 bytes | Retrieved 12 messages
2025-02-26 03:05:06,116 - INFO - GRPC Incoming - GetMessages - Size: 40 bytes | Session Token: 022d3310-f047-48f2-9296-7285fb8b6130
2025-02-26 03:05:06,151 - INFO - GRPC Outgoing - GetMessages - Size: 895 bytes | Retrieved 12 messages
2025-02-26 03:05:08,108 - INFO - GRPC Incoming - GetMessages - Size: 41 bytes | Session Token: 022d3310-f047-48f2-9296-7285fb8b6130
2025-02-26 03:05:08,109 - INFO - GRPC Outgoing - GetMessages - Size: 895 bytes | Retrieved 12 messages
2025-02-26 03:05:08,110 - INFO - GRPC Incoming - GetMessages - Size: 40 bytes | Session Token: 022d3310-f047-48f2-9296-7285fb8b6130
2025-02-26 03:05:08,111 - INFO - GRPC Outgoing - GetMessages - Size: 895 bytes | Retrieved 12 messages
2025-02-26 03:05:10,108 - INFO - GRPC Incoming - GetMessages - Size: 41 bytes | Session Token: 022d3310-f047-48f2-9296-7285fb8b6130
2025-02-26 03:05:10,109 - INFO - GRPC Outgoing - GetMessages - Size: 895 bytes | Retrieved 12 messages
2025-02-26 03:05:10,110 - INFO - GRPC Incoming - GetMessages - Size: 40 bytes | Session Token: 022d3310-f047-48f2-9296-7285fb8b6130
2025-02-26 03:05:10,110 - INFO - GRPC Outgoing - GetMessages - Size: 895 bytes | Retrieved 12 messages
2025-02-26 03:05:12,105 - INFO - GRPC Incoming - GetMessages - Size: 41 bytes | Session Token: 022d3310-f047-48f2-9296-7285fb8b6130
2025-02-26 03:05:12,106 - INFO - GRPC Outgoing - GetMessages - Size: 895 bytes | Retrieved 12 messages
2025-02-26 03:05:12,107 - INFO - GRPC Incoming - GetMessages - Size: 40 bytes | Session Token: 022d3310-f047-48f2-9296-7285fb8b6130
2025-02-26 03:05:12,107 - INFO - GRPC Outgoing - GetMessages - Size: 895 bytes | Retrieved 12 messages
2025-02-26 03:05:14,107 - INFO - GRPC Incoming - GetMessages - Size: 41 bytes | Session Token: 022d3310-f047-48f2-9296-7285fb8b6130
2025-02-26 03:05:14,108 - INFO - GRPC Outgoing - GetMessages - Size: 895 bytes | Retrieved 12 messages
2025-02-26 03:05:14,109 - INFO - GRPC Incoming - GetMessages - Size: 40 bytes | Session Token: 022d3310-f047-48f2-9296-7285fb8b6130
2025-02-26 03:05:14,110 - INFO - GRPC Outgoing - GetMessages - Size: 895 bytes | Retrieved 12 messages
2025-02-26 03:05:16,108 - INFO - GRPC Incoming - GetMessages - Size: 41 bytes | Session Token: 022d3310-f047-48f2-9296-7285fb8b6130
2025-02-26 03:05:16,109 - INFO - GRPC Outgoing - GetMessages - Size: 895 bytes | Retrieved 12 messages
2025-02-26 03:05:16,110 - INFO - GRPC Incoming - GetMessages - Size: 40 bytes | Session Token: 022d3310-f047-48f2-9296-7285fb8b6130
2025-02-26 03:05:16,111 - INFO - GRPC Outgoing - GetMessages - Size: 895 bytes | Retrieved 12 messages
2025-02-26 03:05:18,108 - INFO - GRPC Incoming - GetMessages - Size: 41 bytes | Session Token: 022d3310-f047-48f2-9296-7285fb8b6130
2025-02-26 03:05:18,109 - INFO - GRPC Outgoing - GetMessages - Size: 895 bytes | Retrieved 12 messages
2025-02-26 03:05:18,110 - INFO - GRPC Incoming - GetMessages - Size: 40 bytes | Session Token: 022d3310-f047-48f2-9296-7285fb8b6130
2025-02-26 03:05:18,111 - INFO - GRPC Outgoing - GetMessages - Size: 895 bytes | Retrieved 12 messages
2025-02-26 03:05:20,109 - INFO - GRPC Incoming - GetMessages - Size: 41 bytes | Session Token: 022d3310-f047-48f2-9296-7285fb8b6130
2025-02-26 03:05:20,109 - INFO - GRPC Outgoing - GetMessages - Size: 895 bytes | Retrieved 12 messages
2025-02-26 03:05:20,111 - INFO - GRPC Incoming - GetMessages - Size: 40 bytes | Session Token: 022d3310-f047-48f2-9296-7285fb8b6130
2025-02-26 03:05:20,111 - INFO - GRPC Outgoing - GetMessages - Size: 895 bytes | Retrieved 12 messages
2025-02-26 03:05:22,106 - INFO - GRPC Incoming - GetMessages - Size: 41 bytes | Session Token: 022d3310-f047-48f2-9296-7285fb8b6130
2025-02-26 03:05:22,106 - INFO - GRPC Outgoing - GetMessages - Size: 895 bytes | Retrieved 12 messages
2025-02-26 03:05:22,107 - INFO - GRPC Incoming - GetMessages - Size: 40 bytes | Session Token: 022d3310-f047-48f2-9296-7285fb8b6130
2025-02-26 03:05:22,107 - INFO - GRPC Outgoing - GetMessages - Size: 895 bytes | Retrieved 12 messages
2025-02-26 03:05:24,108 - INFO - GRPC Incoming - GetMessages - Size: 41 bytes | Session Token: 022d3310-f047-48f2-9296-7285fb8b6130
2025-02-26 03:05:24,109 - INFO - GRPC Outgoing - GetMessages - Size: 895 bytes | Retrieved 12 messages
2025-02-26 03:05:24,111 - INFO - GRPC Incoming - GetMessages - Size: 40 bytes | Session Token: 022d3310-f047-48f2-9296-7285fb8b6130
2025-02-26 03:05:24,111 - INFO - GRPC Outgoing - GetMessages - Size: 895 bytes | Retrieved 12 messages
2025-02-26 03:05:26,107 - INFO - GRPC Incoming - GetMessages - Size: 41 bytes | Session Token: 022d3310-f047-48f2-9296-7285fb8b6130
2025-02-26 03:05:26,107 - INFO - GRPC Outgoing - GetMessages - Size: 895 bytes | Retrieved 12 messages
2025-02-26 03:05:26,108 - INFO - GRPC Incoming - GetMessages - Size: 40 bytes | Session Token: 022d3310-f047-48f2-9296-7285fb8b6130
2025-02-26 03:05:26,109 - INFO - GRPC Outgoing - GetMessages - Size: 895 bytes | Retrieved 12 messages
2025-02-26 03:05:28,109 - INFO - GRPC Incoming - GetMessages - Size: 41 bytes | Session Token: 022d3310-f047-48f2-9296-7285fb8b6130
2025-02-26 03:05:28,111 - INFO - GRPC Outgoing - GetMessages - Size: 895 bytes | Retrieved 12 messages
2025-02-26 03:05:28,113 - INFO - GRPC Incoming - GetMessages - Size: 40 bytes | Session Token: 022d3310-f047-48f2-9296-7285fb8b6130
2025-02-26 03:05:28,115 - INFO - GRPC Outgoing - GetMessages - Size: 895 bytes | Retrieved 12 messages
2025-02-26 03:05:30,110 - INFO - GRPC Incoming - GetMessages - Size: 41 bytes | Session Token: 022d3310-f047-48f2-9296-7285fb8b6130
2025-02-26 03:05:30,110 - INFO - GRPC Outgoing - GetMessages - Size: 895 bytes | Retrieved 12 messages
2025-02-26 03:05:30,112 - INFO - GRPC Incoming - GetMessages - Size: 40 bytes | Session Token: 022d3310-f047-48f2-9296-7285fb8b6130
2025-02-26 03:05:30,112 - INFO - GRPC Outgoing - GetMessages - Size: 895 bytes | Retrieved 12 messages
2025-02-26 03:05:30,740 - INFO - Logout attempt for user: a
2025-02-26 03:22:07,698 - INFO - Shutting down server...
2025-02-26 17:10:19,853 - INFO - Server started on localhost:8000
2025-02-26 17:10:29,839 - INFO - Creating account for user: sein
2025-02-26 17:10:31,856 - INFO - Login attempt for user: sein
2025-02-26 17:10:32,077 - INFO - GRPC Incoming - GetMessages - Size: 41 bytes | Session Token: 3761bf8a-62f8-4bc6-a37c-c16fe683fcff
2025-02-26 17:10:32,077 - INFO - GRPC Outgoing - GetMessages - Size: 0 bytes | Retrieved 0 messages
2025-02-26 17:10:34,152 - INFO - GRPC Incoming - GetMessages - Size: 41 bytes | Session Token: 3761bf8a-62f8-4bc6-a37c-c16fe683fcff
2025-02-26 17:10:34,153 - INFO - GRPC Outgoing - GetMessages - Size: 0 bytes | Retrieved 0 messages
2025-02-26 17:10:36,151 - INFO - GRPC Incoming - GetMessages - Size: 41 bytes | Session Token: 3761bf8a-62f8-4bc6-a37c-c16fe683fcff
2025-02-26 17:10:36,151 - INFO - GRPC Outgoing - GetMessages - Size: 0 bytes | Retrieved 0 messages
2025-02-26 17:10:38,152 - INFO - GRPC Incoming - GetMessages - Size: 41 bytes | Session Token: 3761bf8a-62f8-4bc6-a37c-c16fe683fcff
2025-02-26 17:10:38,153 - INFO - GRPC Outgoing - GetMessages - Size: 0 bytes | Retrieved 0 messages
2025-02-26 17:10:40,152 - INFO - GRPC Incoming - GetMessages - Size: 41 bytes | Session Token: 3761bf8a-62f8-4bc6-a37c-c16fe683fcff
2025-02-26 17:10:40,153 - INFO - GRPC Outgoing - GetMessages - Size: 0 bytes | Retrieved 0 messages
2025-02-26 17:10:41,610 - INFO - Login attempt for user: mo
2025-02-26 17:10:41,825 - INFO - GRPC Incoming - GetMessages - Size: 41 bytes | Session Token: 3396f864-9b68-4d79-87ba-018ea6da194c
2025-02-26 17:10:41,825 - INFO - GRPC Outgoing - GetMessages - Size: 840 bytes | Retrieved 11 messages
2025-02-26 17:10:42,152 - INFO - GRPC Incoming - GetMessages - Size: 41 bytes | Session Token: 3761bf8a-62f8-4bc6-a37c-c16fe683fcff
2025-02-26 17:10:42,153 - INFO - GRPC Outgoing - GetMessages - Size: 0 bytes | Retrieved 0 messages
2025-02-26 17:10:43,729 - INFO - GRPC Incoming - GetMessages - Size: 41 bytes | Session Token: 3396f864-9b68-4d79-87ba-018ea6da194c
2025-02-26 17:10:43,730 - INFO - GRPC Outgoing - GetMessages - Size: 840 bytes | Retrieved 11 messages
2025-02-26 17:10:44,152 - INFO - GRPC Incoming - GetMessages - Size: 41 bytes | Session Token: 3761bf8a-62f8-4bc6-a37c-c16fe683fcff
2025-02-26 17:10:44,153 - INFO - GRPC Outgoing - GetMessages - Size: 0 bytes | Retrieved 0 messages
2025-02-26 17:10:45,651 - INFO - GRPC Incoming - GetMessages - Size: 41 bytes | Session Token: 3396f864-9b68-4d79-87ba-018ea6da194c
2025-02-26 17:10:45,651 - INFO - GRPC Outgoing - GetMessages - Size: 840 bytes | Retrieved 11 messages
2025-02-26 17:10:46,150 - INFO - GRPC Incoming - GetMessages - Size: 41 bytes | Session Token: 3761bf8a-62f8-4bc6-a37c-c16fe683fcff
2025-02-26 17:10:46,150 - INFO - GRPC Outgoing - GetMessages - Size: 0 bytes | Retrieved 0 messages
2025-02-26 17:10:47,651 - INFO - GRPC Incoming - GetMessages - Size: 41 bytes | Session Token: 3396f864-9b68-4d79-87ba-018ea6da194c
2025-02-26 17:10:47,652 - INFO - GRPC Outgoing - GetMessages - Size: 840 bytes | Retrieved 11 messages
2025-02-26 17:10:48,156 - INFO - GRPC Incoming - GetMessages - Size: 41 bytes | Session Token: 3761bf8a-62f8-4bc6-a37c-c16fe683fcff
2025-02-26 17:10:48,157 - INFO - GRPC Outgoing - GetMessages - Size: 0 bytes | Retrieved 0 messages
2025-02-26 17:10:49,670 - INFO - GRPC Incoming - GetMessages - Size: 41 bytes | Session Token: 3396f864-9b68-4d79-87ba-018ea6da194c
2025-02-26 17:10:49,670 - INFO - GRPC Outgoing - GetMessages - Size: 840 bytes | Retrieved 11 messages
2025-02-26 17:10:49,719 - INFO - GRPC Incoming - GetMessages - Size: 40 bytes | Session Token: 3396f864-9b68-4d79-87ba-018ea6da194c
2025-02-26 17:10:49,720 - INFO - GRPC Outgoing - GetMessages - Size: 830 bytes | Retrieved 11 messages
2025-02-26 17:10:50,150 - INFO - GRPC Incoming - GetMessages - Size: 41 bytes | Session Token: 3761bf8a-62f8-4bc6-a37c-c16fe683fcff
2025-02-26 17:10:50,150 - INFO - GRPC Outgoing - GetMessages - Size: 0 bytes | Retrieved 0 messages
2025-02-26 17:10:50,377 - INFO - GRPC Incoming - GetMessages - Size: 40 bytes | Session Token: 3396f864-9b68-4d79-87ba-018ea6da194c
2025-02-26 17:10:50,378 - INFO - GRPC Outgoing - GetMessages - Size: 830 bytes | Retrieved 11 messages
2025-02-26 17:10:51,285 - INFO - GRPC Incoming - GetMessages - Size: 40 bytes | Session Token: 3761bf8a-62f8-4bc6-a37c-c16fe683fcff
2025-02-26 17:10:51,285 - INFO - GRPC Outgoing - GetMessages - Size: 0 bytes | Retrieved 0 messages
2025-02-26 17:10:51,650 - INFO - GRPC Incoming - GetMessages - Size: 41 bytes | Session Token: 3396f864-9b68-4d79-87ba-018ea6da194c
2025-02-26 17:10:51,650 - INFO - GRPC Outgoing - GetMessages - Size: 830 bytes | Retrieved 11 messages
2025-02-26 17:10:51,652 - INFO - GRPC Incoming - GetMessages - Size: 40 bytes | Session Token: 3396f864-9b68-4d79-87ba-018ea6da194c
2025-02-26 17:10:51,652 - INFO - GRPC Outgoing - GetMessages - Size: 830 bytes | Retrieved 11 messages
2025-02-26 17:10:52,151 - INFO - GRPC Incoming - GetMessages - Size: 41 bytes | Session Token: 3761bf8a-62f8-4bc6-a37c-c16fe683fcff
2025-02-26 17:10:52,151 - INFO - GRPC Outgoing - GetMessages - Size: 0 bytes | Retrieved 0 messages
2025-02-26 17:10:52,153 - INFO - GRPC Incoming - GetMessages - Size: 40 bytes | Session Token: 3761bf8a-62f8-4bc6-a37c-c16fe683fcff
2025-02-26 17:10:52,153 - INFO - GRPC Outgoing - GetMessages - Size: 0 bytes | Retrieved 0 messages
2025-02-26 17:10:53,392 - INFO - GRPC Incoming - SendMessage - Size: 48 bytes | Sender: 3761bf8a-62f8-4bc6-a37c-c16fe683fcff -> Recipient: mo
2025-02-26 17:10:53,393 - INFO - Storing message | Sender: sein -> Recipient: mo | Message Size: 4 bytes | Message ID: d1375bab-3783-474c-a840-89bd0a5bae4b
2025-02-26 17:10:53,395 - INFO - Message stored successfully | Message ID: d1375bab-3783-474c-a840-89bd0a5bae4b
2025-02-26 17:10:53,395 - INFO - GRPC Outgoing - SendMessage - Size: 40 bytes | Success: True
2025-02-26 17:10:53,398 - INFO - GRPC Incoming - GetMessages - Size: 40 bytes | Session Token: 3761bf8a-62f8-4bc6-a37c-c16fe683fcff
2025-02-26 17:10:53,398 - INFO - GRPC Outgoing - GetMessages - Size: 65 bytes | Retrieved 1 messages
2025-02-26 17:10:53,653 - INFO - GRPC Incoming - GetMessages - Size: 41 bytes | Session Token: 3396f864-9b68-4d79-87ba-018ea6da194c
2025-02-26 17:10:53,657 - INFO - GRPC Outgoing - GetMessages - Size: 897 bytes | Retrieved 12 messages
2025-02-26 17:10:53,660 - INFO - GRPC Incoming - GetMessages - Size: 40 bytes | Session Token: 3396f864-9b68-4d79-87ba-018ea6da194c
2025-02-26 17:10:53,660 - INFO - GRPC Outgoing - GetMessages - Size: 897 bytes | Retrieved 12 messages
2025-02-26 17:10:54,152 - INFO - GRPC Incoming - GetMessages - Size: 41 bytes | Session Token: 3761bf8a-62f8-4bc6-a37c-c16fe683fcff
2025-02-26 17:10:54,153 - INFO - GRPC Outgoing - GetMessages - Size: 65 bytes | Retrieved 1 messages
2025-02-26 17:10:54,155 - INFO - GRPC Incoming - GetMessages - Size: 40 bytes | Session Token: 3761bf8a-62f8-4bc6-a37c-c16fe683fcff
2025-02-26 17:10:54,156 - INFO - GRPC Outgoing - GetMessages - Size: 65 bytes | Retrieved 1 messages
2025-02-26 17:10:55,652 - INFO - GRPC Incoming - GetMessages - Size: 41 bytes | Session Token: 3396f864-9b68-4d79-87ba-018ea6da194c
2025-02-26 17:10:55,653 - INFO - GRPC Outgoing - GetMessages - Size: 895 bytes | Retrieved 12 messages
2025-02-26 17:10:55,655 - INFO - GRPC Incoming - GetMessages - Size: 40 bytes | Session Token: 3396f864-9b68-4d79-87ba-018ea6da194c
2025-02-26 17:10:55,656 - INFO - GRPC Outgoing - GetMessages - Size: 895 bytes | Retrieved 12 messages
2025-02-26 17:10:56,151 - INFO - GRPC Incoming - GetMessages - Size: 41 bytes | Session Token: 3761bf8a-62f8-4bc6-a37c-c16fe683fcff
2025-02-26 17:10:56,151 - INFO - GRPC Outgoing - GetMessages - Size: 65 bytes | Retrieved 1 messages
2025-02-26 17:10:56,152 - INFO - GRPC Incoming - GetMessages - Size: 40 bytes | Session Token: 3761bf8a-62f8-4bc6-a37c-c16fe683fcff
2025-02-26 17:10:56,153 - INFO - GRPC Outgoing - GetMessages - Size: 65 bytes | Retrieved 1 messages
2025-02-26 17:10:57,653 - INFO - GRPC Incoming - GetMessages - Size: 41 bytes | Session Token: 3396f864-9b68-4d79-87ba-018ea6da194c
2025-02-26 17:10:57,654 - INFO - GRPC Outgoing - GetMessages - Size: 895 bytes | Retrieved 12 messages
2025-02-26 17:10:57,655 - INFO - GRPC Incoming - GetMessages - Size: 40 bytes | Session Token: 3396f864-9b68-4d79-87ba-018ea6da194c
2025-02-26 17:10:57,656 - INFO - GRPC Outgoing - GetMessages - Size: 895 bytes | Retrieved 12 messages
2025-02-26 17:10:58,152 - INFO - GRPC Incoming - GetMessages - Size: 41 bytes | Session Token: 3761bf8a-62f8-4bc6-a37c-c16fe683fcff
2025-02-26 17:10:58,153 - INFO - GRPC Outgoing - GetMessages - Size: 65 bytes | Retrieved 1 messages
2025-02-26 17:10:58,154 - INFO - GRPC Incoming - GetMessages - Size: 40 bytes | Session Token: 3761bf8a-62f8-4bc6-a37c-c16fe683fcff
2025-02-26 17:10:58,154 - INFO - GRPC Outgoing - GetMessages - Size: 65 bytes | Retrieved 1 messages
2025-02-26 17:10:59,652 - INFO - GRPC Incoming - GetMessages - Size: 41 bytes | Session Token: 3396f864-9b68-4d79-87ba-018ea6da194c
2025-02-26 17:10:59,653 - INFO - GRPC Outgoing - GetMessages - Size: 895 bytes | Retrieved 12 messages
2025-02-26 17:10:59,655 - INFO - GRPC Incoming - GetMessages - Size: 40 bytes | Session Token: 3396f864-9b68-4d79-87ba-018ea6da194c
2025-02-26 17:10:59,658 - INFO - GRPC Outgoing - GetMessages - Size: 895 bytes | Retrieved 12 messages
2025-02-26 17:11:00,151 - INFO - GRPC Incoming - GetMessages - Size: 41 bytes | Session Token: 3761bf8a-62f8-4bc6-a37c-c16fe683fcff
2025-02-26 17:11:00,152 - INFO - GRPC Outgoing - GetMessages - Size: 65 bytes | Retrieved 1 messages
2025-02-26 17:11:00,153 - INFO - GRPC Incoming - GetMessages - Size: 40 bytes | Session Token: 3761bf8a-62f8-4bc6-a37c-c16fe683fcff
2025-02-26 17:11:00,153 - INFO - GRPC Outgoing - GetMessages - Size: 65 bytes | Retrieved 1 messages
2025-02-26 17:11:00,901 - INFO - GRPC Incoming - GetMessages - Size: 41 bytes | Session Token: 3761bf8a-62f8-4bc6-a37c-c16fe683fcff
2025-02-26 17:11:00,902 - INFO - GRPC Outgoing - GetMessages - Size: 67 bytes | Retrieved 1 messages
2025-02-26 17:11:00,902 - INFO - GRPC Incoming - GetMessages - Size: 40 bytes | Session Token: 3761bf8a-62f8-4bc6-a37c-c16fe683fcff
2025-02-26 17:11:00,903 - INFO - GRPC Outgoing - GetMessages - Size: 67 bytes | Retrieved 1 messages
2025-02-26 17:11:01,653 - INFO - GRPC Incoming - GetMessages - Size: 41 bytes | Session Token: 3396f864-9b68-4d79-87ba-018ea6da194c
2025-02-26 17:11:01,654 - INFO - GRPC Outgoing - GetMessages - Size: 897 bytes | Retrieved 12 messages
2025-02-26 17:11:01,655 - INFO - GRPC Incoming - GetMessages - Size: 40 bytes | Session Token: 3396f864-9b68-4d79-87ba-018ea6da194c
2025-02-26 17:11:01,656 - INFO - GRPC Outgoing - GetMessages - Size: 897 bytes | Retrieved 12 messages
2025-02-26 17:11:02,151 - INFO - GRPC Incoming - GetMessages - Size: 41 bytes | Session Token: 3761bf8a-62f8-4bc6-a37c-c16fe683fcff
2025-02-26 17:11:02,152 - INFO - GRPC Outgoing - GetMessages - Size: 67 bytes | Retrieved 1 messages
2025-02-26 17:11:02,153 - INFO - GRPC Incoming - GetMessages - Size: 40 bytes | Session Token: 3761bf8a-62f8-4bc6-a37c-c16fe683fcff
2025-02-26 17:11:02,153 - INFO - GRPC Outgoing - GetMessages - Size: 67 bytes | Retrieved 1 messages
2025-02-26 17:11:03,653 - INFO - GRPC Incoming - GetMessages - Size: 41 bytes | Session Token: 3396f864-9b68-4d79-87ba-018ea6da194c
2025-02-26 17:11:03,654 - INFO - GRPC Outgoing - GetMessages - Size: 897 bytes | Retrieved 12 messages
2025-02-26 17:11:03,656 - INFO - GRPC Incoming - GetMessages - Size: 40 bytes | Session Token: 3396f864-9b68-4d79-87ba-018ea6da194c
2025-02-26 17:11:03,656 - INFO - GRPC Outgoing - GetMessages - Size: 897 bytes | Retrieved 12 messages
2025-02-26 17:11:04,150 - INFO - GRPC Incoming - GetMessages - Size: 41 bytes | Session Token: 3761bf8a-62f8-4bc6-a37c-c16fe683fcff
2025-02-26 17:11:04,151 - INFO - GRPC Outgoing - GetMessages - Size: 67 bytes | Retrieved 1 messages
2025-02-26 17:11:04,152 - INFO - GRPC Incoming - GetMessages - Size: 40 bytes | Session Token: 3761bf8a-62f8-4bc6-a37c-c16fe683fcff
2025-02-26 17:11:04,152 - INFO - GRPC Outgoing - GetMessages - Size: 67 bytes | Retrieved 1 messages
2025-02-26 17:11:05,654 - INFO - GRPC Incoming - GetMessages - Size: 41 bytes | Session Token: 3396f864-9b68-4d79-87ba-018ea6da194c
2025-02-26 17:11:05,655 - INFO - GRPC Outgoing - GetMessages - Size: 897 bytes | Retrieved 12 messages
2025-02-26 17:11:05,656 - INFO - GRPC Incoming - GetMessages - Size: 40 bytes | Session Token: 3396f864-9b68-4d79-87ba-018ea6da194c
2025-02-26 17:11:05,658 - INFO - GRPC Outgoing - GetMessages - Size: 897 bytes | Retrieved 12 messages
2025-02-26 17:11:06,151 - INFO - GRPC Incoming - GetMessages - Size: 41 bytes | Session Token: 3761bf8a-62f8-4bc6-a37c-c16fe683fcff
2025-02-26 17:11:06,152 - INFO - GRPC Outgoing - GetMessages - Size: 67 bytes | Retrieved 1 messages
2025-02-26 17:11:06,153 - INFO - GRPC Incoming - GetMessages - Size: 40 bytes | Session Token: 3761bf8a-62f8-4bc6-a37c-c16fe683fcff
2025-02-26 17:11:06,154 - INFO - GRPC Outgoing - GetMessages - Size: 67 bytes | Retrieved 1 messages
2025-02-26 17:11:07,652 - INFO - GRPC Incoming - GetMessages - Size: 41 bytes | Session Token: 3396f864-9b68-4d79-87ba-018ea6da194c
2025-02-26 17:11:07,653 - INFO - GRPC Outgoing - GetMessages - Size: 897 bytes | Retrieved 12 messages
2025-02-26 17:11:07,654 - INFO - GRPC Incoming - GetMessages - Size: 40 bytes | Session Token: 3396f864-9b68-4d79-87ba-018ea6da194c
2025-02-26 17:11:07,655 - INFO - GRPC Outgoing - GetMessages - Size: 897 bytes | Retrieved 12 messages
2025-02-26 17:11:08,153 - INFO - GRPC Incoming - GetMessages - Size: 41 bytes | Session Token: 3761bf8a-62f8-4bc6-a37c-c16fe683fcff
2025-02-26 17:11:08,154 - INFO - GRPC Outgoing - GetMessages - Size: 67 bytes | Retrieved 1 messages
2025-02-26 17:11:08,155 - INFO - GRPC Incoming - GetMessages - Size: 40 bytes | Session Token: 3761bf8a-62f8-4bc6-a37c-c16fe683fcff
2025-02-26 17:11:08,156 - INFO - GRPC Outgoing - GetMessages - Size: 67 bytes | Retrieved 1 messages
2025-02-26 17:11:09,655 - INFO - GRPC Incoming - GetMessages - Size: 41 bytes | Session Token: 3396f864-9b68-4d79-87ba-018ea6da194c
2025-02-26 17:11:09,656 - INFO - GRPC Outgoing - GetMessages - Size: 897 bytes | Retrieved 12 messages
2025-02-26 17:11:09,658 - INFO - GRPC Incoming - GetMessages - Size: 40 bytes | Session Token: 3396f864-9b68-4d79-87ba-018ea6da194c
2025-02-26 17:11:09,658 - INFO - GRPC Outgoing - GetMessages - Size: 897 bytes | Retrieved 12 messages
2025-02-26 17:11:10,151 - INFO - GRPC Incoming - GetMessages - Size: 41 bytes | Session Token: 3761bf8a-62f8-4bc6-a37c-c16fe683fcff
2025-02-26 17:11:10,152 - INFO - GRPC Outgoing - GetMessages - Size: 67 bytes | Retrieved 1 messages
2025-02-26 17:11:10,153 - INFO - GRPC Incoming - GetMessages - Size: 40 bytes | Session Token: 3761bf8a-62f8-4bc6-a37c-c16fe683fcff
2025-02-26 17:11:10,153 - INFO - GRPC Outgoing - GetMessages - Size: 67 bytes | Retrieved 1 messages
2025-02-26 17:11:11,655 - INFO - GRPC Incoming - GetMessages - Size: 41 bytes | Session Token: 3396f864-9b68-4d79-87ba-018ea6da194c
2025-02-26 17:11:11,657 - INFO - GRPC Outgoing - GetMessages - Size: 897 bytes | Retrieved 12 messages
2025-02-26 17:11:11,659 - INFO - GRPC Incoming - GetMessages - Size: 40 bytes | Session Token: 3396f864-9b68-4d79-87ba-018ea6da194c
2025-02-26 17:11:11,660 - INFO - GRPC Outgoing - GetMessages - Size: 897 bytes | Retrieved 12 messages
2025-02-26 17:11:12,152 - INFO - GRPC Incoming - GetMessages - Size: 41 bytes | Session Token: 3761bf8a-62f8-4bc6-a37c-c16fe683fcff
2025-02-26 17:11:12,153 - INFO - GRPC Outgoing - GetMessages - Size: 67 bytes | Retrieved 1 messages
2025-02-26 17:11:12,154 - INFO - GRPC Incoming - GetMessages - Size: 40 bytes | Session Token: 3761bf8a-62f8-4bc6-a37c-c16fe683fcff
2025-02-26 17:11:12,155 - INFO - GRPC Outgoing - GetMessages - Size: 67 bytes | Retrieved 1 messages
2025-02-26 17:11:13,652 - INFO - GRPC Incoming - GetMessages - Size: 41 bytes | Session Token: 3396f864-9b68-4d79-87ba-018ea6da194c
2025-02-26 17:11:13,653 - INFO - GRPC Outgoing - GetMessages - Size: 897 bytes | Retrieved 12 messages
2025-02-26 17:11:13,654 - INFO - GRPC Incoming - GetMessages - Size: 40 bytes | Session Token: 3396f864-9b68-4d79-87ba-018ea6da194c
2025-02-26 17:11:13,655 - INFO - GRPC Outgoing - GetMessages - Size: 897 bytes | Retrieved 12 messages
2025-02-26 17:11:14,151 - INFO - GRPC Incoming - GetMessages - Size: 41 bytes | Session Token: 3761bf8a-62f8-4bc6-a37c-c16fe683fcff
2025-02-26 17:11:14,152 - INFO - GRPC Outgoing - GetMessages - Size: 67 bytes | Retrieved 1 messages
2025-02-26 17:11:14,153 - INFO - GRPC Incoming - GetMessages - Size: 40 bytes | Session Token: 3761bf8a-62f8-4bc6-a37c-c16fe683fcff
2025-02-26 17:11:14,154 - INFO - GRPC Outgoing - GetMessages - Size: 67 bytes | Retrieved 1 messages
2025-02-26 17:11:15,653 - INFO - GRPC Incoming - GetMessages - Size: 41 bytes | Session Token: 3396f864-9b68-4d79-87ba-018ea6da194c
2025-02-26 17:11:15,655 - INFO - GRPC Outgoing - GetMessages - Size: 897 bytes | Retrieved 12 messages
2025-02-26 17:11:15,656 - INFO - GRPC Incoming - GetMessages - Size: 40 bytes | Session Token: 3396f864-9b68-4d79-87ba-018ea6da194c
2025-02-26 17:11:15,657 - INFO - GRPC Outgoing - GetMessages - Size: 897 bytes | Retrieved 12 messages
2025-02-26 17:11:16,152 - INFO - GRPC Incoming - GetMessages - Size: 41 bytes | Session Token: 3761bf8a-62f8-4bc6-a37c-c16fe683fcff
2025-02-26 17:11:16,152 - INFO - GRPC Outgoing - GetMessages - Size: 67 bytes | Retrieved 1 messages
2025-02-26 17:11:16,153 - INFO - GRPC Incoming - GetMessages - Size: 40 bytes | Session Token: 3761bf8a-62f8-4bc6-a37c-c16fe683fcff
2025-02-26 17:11:16,154 - INFO - GRPC Outgoing - GetMessages - Size: 67 bytes | Retrieved 1 messages
2025-02-26 17:11:17,653 - INFO - GRPC Incoming - GetMessages - Size: 41 bytes | Session Token: 3396f864-9b68-4d79-87ba-018ea6da194c
2025-02-26 17:11:17,654 - INFO - GRPC Outgoing - GetMessages - Size: 897 bytes | Retrieved 12 messages
2025-02-26 17:11:17,656 - INFO - GRPC Incoming - GetMessages - Size: 40 bytes | Session Token: 3396f864-9b68-4d79-87ba-018ea6da194c
2025-02-26 17:11:17,657 - INFO - GRPC Outgoing - GetMessages - Size: 897 bytes | Retrieved 12 messages
2025-02-26 17:11:18,151 - INFO - GRPC Incoming - GetMessages - Size: 41 bytes | Session Token: 3761bf8a-62f8-4bc6-a37c-c16fe683fcff
2025-02-26 17:11:18,152 - INFO - GRPC Outgoing - GetMessages - Size: 67 bytes | Retrieved 1 messages
2025-02-26 17:11:18,153 - INFO - GRPC Incoming - GetMessages - Size: 40 bytes | Session Token: 3761bf8a-62f8-4bc6-a37c-c16fe683fcff
2025-02-26 17:11:18,154 - INFO - GRPC Outgoing - GetMessages - Size: 67 bytes | Retrieved 1 messages
2025-02-26 17:11:19,651 - INFO - GRPC Incoming - GetMessages - Size: 41 bytes | Session Token: 3396f864-9b68-4d79-87ba-018ea6da194c
2025-02-26 17:11:19,652 - INFO - GRPC Outgoing - GetMessages - Size: 897 bytes | Retrieved 12 messages
2025-02-26 17:11:19,654 - INFO - GRPC Incoming - GetMessages - Size: 40 bytes | Session Token: 3396f864-9b68-4d79-87ba-018ea6da194c
2025-02-26 17:11:19,655 - INFO - GRPC Outgoing - GetMessages - Size: 897 bytes | Retrieved 12 messages
2025-02-26 17:11:20,151 - INFO - GRPC Incoming - GetMessages - Size: 41 bytes | Session Token: 3761bf8a-62f8-4bc6-a37c-c16fe683fcff
2025-02-26 17:11:20,152 - INFO - GRPC Outgoing - GetMessages - Size: 67 bytes | Retrieved 1 messages
2025-02-26 17:11:20,153 - INFO - GRPC Incoming - GetMessages - Size: 40 bytes | Session Token: 3761bf8a-62f8-4bc6-a37c-c16fe683fcff
2025-02-26 17:11:20,154 - INFO - GRPC Outgoing - GetMessages - Size: 67 bytes | Retrieved 1 messages
2025-02-26 17:11:21,554 - INFO - GRPC Incoming - SendMessage - Size: 47 bytes | Sender: 3396f864-9b68-4d79-87ba-018ea6da194c -> Recipient: sein
2025-02-26 17:11:21,555 - INFO - Storing message | Sender: mo -> Recipient: sein | Message Size: 1 bytes | Message ID: c216484d-4fad-4fb7-b0e4-50e066761bce
2025-02-26 17:11:21,557 - INFO - Message stored successfully | Message ID: c216484d-4fad-4fb7-b0e4-50e066761bce
2025-02-26 17:11:21,557 - INFO - GRPC Outgoing - SendMessage - Size: 40 bytes | Success: True
2025-02-26 17:11:21,559 - INFO - GRPC Incoming - GetMessages - Size: 40 bytes | Session Token: 3396f864-9b68-4d79-87ba-018ea6da194c
2025-02-26 17:11:21,559 - INFO - GRPC Outgoing - GetMessages - Size: 959 bytes | Retrieved 13 messages
2025-02-26 17:11:21,652 - INFO - GRPC Incoming - GetMessages - Size: 41 bytes | Session Token: 3396f864-9b68-4d79-87ba-018ea6da194c
2025-02-26 17:11:21,653 - INFO - GRPC Outgoing - GetMessages - Size: 959 bytes | Retrieved 13 messages
2025-02-26 17:11:21,655 - INFO - GRPC Incoming - GetMessages - Size: 40 bytes | Session Token: 3396f864-9b68-4d79-87ba-018ea6da194c
2025-02-26 17:11:21,656 - INFO - GRPC Outgoing - GetMessages - Size: 959 bytes | Retrieved 13 messages
2025-02-26 17:11:21,713 - INFO - GRPC Incoming - SendMessage - Size: 47 bytes | Sender: 3396f864-9b68-4d79-87ba-018ea6da194c -> Recipient: sein
2025-02-26 17:11:21,714 - INFO - Storing message | Sender: mo -> Recipient: sein | Message Size: 1 bytes | Message ID: 38f6d79e-0987-4206-b767-0a17ccb42481
2025-02-26 17:11:21,716 - INFO - Message stored successfully | Message ID: 38f6d79e-0987-4206-b767-0a17ccb42481
2025-02-26 17:11:21,716 - INFO - GRPC Outgoing - SendMessage - Size: 40 bytes | Success: True
2025-02-26 17:11:21,718 - INFO - GRPC Incoming - GetMessages - Size: 40 bytes | Session Token: 3396f864-9b68-4d79-87ba-018ea6da194c
2025-02-26 17:11:21,719 - INFO - GRPC Outgoing - GetMessages - Size: 1021 bytes | Retrieved 14 messages
2025-02-26 17:11:21,857 - INFO - GRPC Incoming - SendMessage - Size: 47 bytes | Sender: 3396f864-9b68-4d79-87ba-018ea6da194c -> Recipient: sein
2025-02-26 17:11:21,857 - INFO - Storing message | Sender: mo -> Recipient: sein | Message Size: 1 bytes | Message ID: 3a1adbce-236e-45d9-bf06-81af4133bdaf
2025-02-26 17:11:21,860 - INFO - Message stored successfully | Message ID: 3a1adbce-236e-45d9-bf06-81af4133bdaf
2025-02-26 17:11:21,860 - INFO - GRPC Outgoing - SendMessage - Size: 40 bytes | Success: True
2025-02-26 17:11:21,862 - INFO - GRPC Incoming - GetMessages - Size: 40 bytes | Session Token: 3396f864-9b68-4d79-87ba-018ea6da194c
2025-02-26 17:11:21,863 - INFO - GRPC Outgoing - GetMessages - Size: 1083 bytes | Retrieved 15 messages
2025-02-26 17:11:22,009 - INFO - GRPC Incoming - SendMessage - Size: 47 bytes | Sender: 3396f864-9b68-4d79-87ba-018ea6da194c -> Recipient: sein
2025-02-26 17:11:22,010 - INFO - Storing message | Sender: mo -> Recipient: sein | Message Size: 1 bytes | Message ID: 3202ad54-e8ee-48a4-9120-a5938248e257
2025-02-26 17:11:22,012 - INFO - Message stored successfully | Message ID: 3202ad54-e8ee-48a4-9120-a5938248e257
2025-02-26 17:11:22,013 - INFO - GRPC Outgoing - SendMessage - Size: 40 bytes | Success: True
2025-02-26 17:11:22,015 - INFO - GRPC Incoming - GetMessages - Size: 40 bytes | Session Token: 3396f864-9b68-4d79-87ba-018ea6da194c
2025-02-26 17:11:22,015 - INFO - GRPC Outgoing - GetMessages - Size: 1145 bytes | Retrieved 16 messages
2025-02-26 17:11:22,152 - INFO - GRPC Incoming - GetMessages - Size: 41 bytes | Session Token: 3761bf8a-62f8-4bc6-a37c-c16fe683fcff
2025-02-26 17:11:22,153 - INFO - GRPC Incoming - SendMessage - Size: 47 bytes | Sender: 3396f864-9b68-4d79-87ba-018ea6da194c -> Recipient: sein
2025-02-26 17:11:22,157 - INFO - GRPC Outgoing - GetMessages - Size: 323 bytes | Retrieved 5 messages
2025-02-26 17:11:22,161 - INFO - Storing message | Sender: mo -> Recipient: sein | Message Size: 1 bytes | Message ID: b590c1d7-60c7-41a1-84d4-3cc66d470be3
2025-02-26 17:11:22,161 - INFO - GRPC Incoming - GetMessages - Size: 40 bytes | Session Token: 3761bf8a-62f8-4bc6-a37c-c16fe683fcff
2025-02-26 17:11:22,164 - INFO - Message stored successfully | Message ID: b590c1d7-60c7-41a1-84d4-3cc66d470be3
2025-02-26 17:11:22,164 - INFO - GRPC Outgoing - SendMessage - Size: 40 bytes | Success: True
2025-02-26 17:11:22,166 - INFO - GRPC Incoming - GetMessages - Size: 40 bytes | Session Token: 3396f864-9b68-4d79-87ba-018ea6da194c
2025-02-26 17:11:22,166 - INFO - GRPC Outgoing - GetMessages - Size: 387 bytes | Retrieved 6 messages
2025-02-26 17:11:22,167 - INFO - GRPC Outgoing - GetMessages - Size: 1217 bytes | Retrieved 17 messages
2025-02-26 17:11:22,445 - INFO - GRPC Incoming - SendMessage - Size: 47 bytes | Sender: 3396f864-9b68-4d79-87ba-018ea6da194c -> Recipient: sein
2025-02-26 17:11:22,446 - INFO - Storing message | Sender: mo -> Recipient: sein | Message Size: 1 bytes | Message ID: d8f49c20-debb-4fdf-80b3-ff3e2da1b41b
2025-02-26 17:11:22,448 - INFO - Message stored successfully | Message ID: d8f49c20-debb-4fdf-80b3-ff3e2da1b41b
2025-02-26 17:11:22,448 - INFO - GRPC Outgoing - SendMessage - Size: 40 bytes | Success: True
2025-02-26 17:11:22,450 - INFO - GRPC Incoming - GetMessages - Size: 40 bytes | Session Token: 3396f864-9b68-4d79-87ba-018ea6da194c
2025-02-26 17:11:22,451 - INFO - GRPC Outgoing - GetMessages - Size: 1269 bytes | Retrieved 18 messages
2025-02-26 17:11:22,698 - INFO - GRPC Incoming - SendMessage - Size: 47 bytes | Sender: 3396f864-9b68-4d79-87ba-018ea6da194c -> Recipient: sein
2025-02-26 17:11:22,698 - INFO - Storing message | Sender: mo -> Recipient: sein | Message Size: 1 bytes | Message ID: 12a9c709-a2e9-441f-893c-d7d062d24e3d
2025-02-26 17:11:22,701 - INFO - Message stored successfully | Message ID: 12a9c709-a2e9-441f-893c-d7d062d24e3d
2025-02-26 17:11:22,701 - INFO - GRPC Outgoing - SendMessage - Size: 40 bytes | Success: True
2025-02-26 17:11:22,703 - INFO - GRPC Incoming - GetMessages - Size: 40 bytes | Session Token: 3396f864-9b68-4d79-87ba-018ea6da194c
2025-02-26 17:11:22,703 - INFO - GRPC Outgoing - GetMessages - Size: 1331 bytes | Retrieved 19 messages
2025-02-26 17:11:23,653 - INFO - GRPC Incoming - GetMessages - Size: 41 bytes | Session Token: 3396f864-9b68-4d79-87ba-018ea6da194c
2025-02-26 17:11:23,654 - INFO - GRPC Outgoing - GetMessages - Size: 1331 bytes | Retrieved 19 messages
2025-02-26 17:11:23,655 - INFO - GRPC Incoming - GetMessages - Size: 40 bytes | Session Token: 3396f864-9b68-4d79-87ba-018ea6da194c
2025-02-26 17:11:23,656 - INFO - GRPC Outgoing - GetMessages - Size: 1331 bytes | Retrieved 19 messages
2025-02-26 17:11:24,151 - INFO - GRPC Incoming - GetMessages - Size: 41 bytes | Session Token: 3761bf8a-62f8-4bc6-a37c-c16fe683fcff
2025-02-26 17:11:24,154 - INFO - GRPC Outgoing - GetMessages - Size: 505 bytes | Retrieved 8 messages
2025-02-26 17:11:24,157 - INFO - GRPC Incoming - GetMessages - Size: 40 bytes | Session Token: 3761bf8a-62f8-4bc6-a37c-c16fe683fcff
2025-02-26 17:11:24,158 - INFO - GRPC Outgoing - GetMessages - Size: 505 bytes | Retrieved 8 messages
2025-02-26 17:11:25,652 - INFO - GRPC Incoming - GetMessages - Size: 41 bytes | Session Token: 3396f864-9b68-4d79-87ba-018ea6da194c
2025-02-26 17:11:25,653 - INFO - GRPC Outgoing - GetMessages - Size: 1331 bytes | Retrieved 19 messages
2025-02-26 17:11:25,654 - INFO - GRPC Incoming - GetMessages - Size: 40 bytes | Session Token: 3396f864-9b68-4d79-87ba-018ea6da194c
2025-02-26 17:11:25,655 - INFO - GRPC Outgoing - GetMessages - Size: 1331 bytes | Retrieved 19 messages
2025-02-26 17:11:26,151 - INFO - GRPC Incoming - GetMessages - Size: 41 bytes | Session Token: 3761bf8a-62f8-4bc6-a37c-c16fe683fcff
2025-02-26 17:11:26,151 - INFO - GRPC Outgoing - GetMessages - Size: 501 bytes | Retrieved 8 messages
2025-02-26 17:11:26,154 - INFO - GRPC Incoming - GetMessages - Size: 40 bytes | Session Token: 3761bf8a-62f8-4bc6-a37c-c16fe683fcff
2025-02-26 17:11:26,154 - INFO - GRPC Outgoing - GetMessages - Size: 501 bytes | Retrieved 8 messages
2025-02-26 17:11:27,652 - INFO - GRPC Incoming - GetMessages - Size: 41 bytes | Session Token: 3396f864-9b68-4d79-87ba-018ea6da194c
2025-02-26 17:11:27,653 - INFO - GRPC Outgoing - GetMessages - Size: 1331 bytes | Retrieved 19 messages
2025-02-26 17:11:27,655 - INFO - GRPC Incoming - GetMessages - Size: 40 bytes | Session Token: 3396f864-9b68-4d79-87ba-018ea6da194c
2025-02-26 17:11:27,655 - INFO - GRPC Outgoing - GetMessages - Size: 1331 bytes | Retrieved 19 messages
2025-02-26 17:11:28,152 - INFO - GRPC Incoming - GetMessages - Size: 41 bytes | Session Token: 3761bf8a-62f8-4bc6-a37c-c16fe683fcff
2025-02-26 17:11:28,152 - INFO - GRPC Outgoing - GetMessages - Size: 501 bytes | Retrieved 8 messages
2025-02-26 17:11:28,154 - INFO - GRPC Incoming - GetMessages - Size: 40 bytes | Session Token: 3761bf8a-62f8-4bc6-a37c-c16fe683fcff
2025-02-26 17:11:28,155 - INFO - GRPC Outgoing - GetMessages - Size: 501 bytes | Retrieved 8 messages
2025-02-26 17:11:29,653 - INFO - GRPC Incoming - GetMessages - Size: 41 bytes | Session Token: 3396f864-9b68-4d79-87ba-018ea6da194c
2025-02-26 17:11:29,654 - INFO - GRPC Outgoing - GetMessages - Size: 1331 bytes | Retrieved 19 messages
2025-02-26 17:11:29,656 - INFO - GRPC Incoming - GetMessages - Size: 40 bytes | Session Token: 3396f864-9b68-4d79-87ba-018ea6da194c
2025-02-26 17:11:29,657 - INFO - GRPC Outgoing - GetMessages - Size: 1331 bytes | Retrieved 19 messages
2025-02-26 17:11:30,151 - INFO - GRPC Incoming - GetMessages - Size: 41 bytes | Session Token: 3761bf8a-62f8-4bc6-a37c-c16fe683fcff
2025-02-26 17:11:30,152 - INFO - GRPC Outgoing - GetMessages - Size: 501 bytes | Retrieved 8 messages
2025-02-26 17:11:30,153 - INFO - GRPC Incoming - GetMessages - Size: 40 bytes | Session Token: 3761bf8a-62f8-4bc6-a37c-c16fe683fcff
2025-02-26 17:11:30,154 - INFO - GRPC Outgoing - GetMessages - Size: 501 bytes | Retrieved 8 messages
2025-02-26 17:11:31,652 - INFO - GRPC Incoming - GetMessages - Size: 41 bytes | Session Token: 3396f864-9b68-4d79-87ba-018ea6da194c
2025-02-26 17:11:31,653 - INFO - GRPC Outgoing - GetMessages - Size: 1331 bytes | Retrieved 19 messages
2025-02-26 17:11:31,654 - INFO - GRPC Incoming - GetMessages - Size: 40 bytes | Session Token: 3396f864-9b68-4d79-87ba-018ea6da194c
2025-02-26 17:11:31,655 - INFO - GRPC Outgoing - GetMessages - Size: 1331 bytes | Retrieved 19 messages
2025-02-26 17:11:32,152 - INFO - GRPC Incoming - GetMessages - Size: 41 bytes | Session Token: 3761bf8a-62f8-4bc6-a37c-c16fe683fcff
2025-02-26 17:11:32,152 - INFO - GRPC Outgoing - GetMessages - Size: 501 bytes | Retrieved 8 messages
2025-02-26 17:11:32,154 - INFO - GRPC Incoming - GetMessages - Size: 40 bytes | Session Token: 3761bf8a-62f8-4bc6-a37c-c16fe683fcff
2025-02-26 17:11:32,154 - INFO - GRPC Outgoing - GetMessages - Size: 501 bytes | Retrieved 8 messages
2025-02-26 17:11:33,652 - INFO - GRPC Incoming - GetMessages - Size: 41 bytes | Session Token: 3396f864-9b68-4d79-87ba-018ea6da194c
2025-02-26 17:11:33,653 - INFO - GRPC Outgoing - GetMessages - Size: 1331 bytes | Retrieved 19 messages
2025-02-26 17:11:33,655 - INFO - GRPC Incoming - GetMessages - Size: 40 bytes | Session Token: 3396f864-9b68-4d79-87ba-018ea6da194c
2025-02-26 17:11:33,655 - INFO - GRPC Outgoing - GetMessages - Size: 1331 bytes | Retrieved 19 messages
2025-02-26 17:11:34,151 - INFO - GRPC Incoming - GetMessages - Size: 41 bytes | Session Token: 3761bf8a-62f8-4bc6-a37c-c16fe683fcff
2025-02-26 17:11:34,152 - INFO - GRPC Outgoing - GetMessages - Size: 501 bytes | Retrieved 8 messages
2025-02-26 17:11:34,153 - INFO - GRPC Incoming - GetMessages - Size: 40 bytes | Session Token: 3761bf8a-62f8-4bc6-a37c-c16fe683fcff
2025-02-26 17:11:34,154 - INFO - GRPC Outgoing - GetMessages - Size: 501 bytes | Retrieved 8 messages
2025-02-26 17:11:35,654 - INFO - GRPC Incoming - GetMessages - Size: 41 bytes | Session Token: 3396f864-9b68-4d79-87ba-018ea6da194c
2025-02-26 17:11:35,655 - INFO - GRPC Outgoing - GetMessages - Size: 1331 bytes | Retrieved 19 messages
2025-02-26 17:11:35,656 - INFO - GRPC Incoming - GetMessages - Size: 40 bytes | Session Token: 3396f864-9b68-4d79-87ba-018ea6da194c
2025-02-26 17:11:35,657 - INFO - GRPC Outgoing - GetMessages - Size: 1331 bytes | Retrieved 19 messages
2025-02-26 17:11:35,824 - INFO - GRPC Incoming - SendMessage - Size: 226 bytes | Sender: 3396f864-9b68-4d79-87ba-018ea6da194c -> Recipient: sein
2025-02-26 17:11:35,824 - INFO - Storing message | Sender: mo -> Recipient: sein | Message Size: 179 bytes | Message ID: 6f935e2a-33be-46a5-85d6-b8fb0442b56d
2025-02-26 17:11:35,826 - INFO - Message stored successfully | Message ID: 6f935e2a-33be-46a5-85d6-b8fb0442b56d
2025-02-26 17:11:35,827 - INFO - GRPC Outgoing - SendMessage - Size: 40 bytes | Success: True
2025-02-26 17:11:35,828 - INFO - GRPC Incoming - GetMessages - Size: 40 bytes | Session Token: 3396f864-9b68-4d79-87ba-018ea6da194c
2025-02-26 17:11:35,829 - INFO - GRPC Outgoing - GetMessages - Size: 1573 bytes | Retrieved 20 messages
2025-02-26 17:11:36,151 - INFO - GRPC Incoming - GetMessages - Size: 41 bytes | Session Token: 3761bf8a-62f8-4bc6-a37c-c16fe683fcff
2025-02-26 17:11:36,154 - INFO - GRPC Outgoing - GetMessages - Size: 745 bytes | Retrieved 9 messages
2025-02-26 17:11:36,156 - INFO - GRPC Incoming - GetMessages - Size: 40 bytes | Session Token: 3761bf8a-62f8-4bc6-a37c-c16fe683fcff
2025-02-26 17:11:36,157 - INFO - GRPC Outgoing - GetMessages - Size: 745 bytes | Retrieved 9 messages
2025-02-26 17:11:37,654 - INFO - GRPC Incoming - GetMessages - Size: 41 bytes | Session Token: 3396f864-9b68-4d79-87ba-018ea6da194c
2025-02-26 17:11:37,656 - INFO - GRPC Outgoing - GetMessages - Size: 1573 bytes | Retrieved 20 messages
2025-02-26 17:11:37,657 - INFO - GRPC Incoming - GetMessages - Size: 40 bytes | Session Token: 3396f864-9b68-4d79-87ba-018ea6da194c
2025-02-26 17:11:37,658 - INFO - GRPC Outgoing - GetMessages - Size: 1573 bytes | Retrieved 20 messages
2025-02-26 17:11:38,152 - INFO - GRPC Incoming - GetMessages - Size: 41 bytes | Session Token: 3761bf8a-62f8-4bc6-a37c-c16fe683fcff
2025-02-26 17:11:38,152 - INFO - GRPC Outgoing - GetMessages - Size: 743 bytes | Retrieved 9 messages
2025-02-26 17:11:38,155 - INFO - GRPC Incoming - GetMessages - Size: 40 bytes | Session Token: 3761bf8a-62f8-4bc6-a37c-c16fe683fcff
2025-02-26 17:11:38,155 - INFO - GRPC Outgoing - GetMessages - Size: 743 bytes | Retrieved 9 messages
2025-02-26 17:11:39,652 - INFO - GRPC Incoming - GetMessages - Size: 41 bytes | Session Token: 3396f864-9b68-4d79-87ba-018ea6da194c
2025-02-26 17:11:39,653 - INFO - GRPC Outgoing - GetMessages - Size: 1573 bytes | Retrieved 20 messages
2025-02-26 17:11:39,654 - INFO - GRPC Incoming - GetMessages - Size: 40 bytes | Session Token: 3396f864-9b68-4d79-87ba-018ea6da194c
2025-02-26 17:11:39,654 - INFO - GRPC Outgoing - GetMessages - Size: 1573 bytes | Retrieved 20 messages
2025-02-26 17:11:40,151 - INFO - GRPC Incoming - GetMessages - Size: 41 bytes | Session Token: 3761bf8a-62f8-4bc6-a37c-c16fe683fcff
2025-02-26 17:11:40,152 - INFO - GRPC Outgoing - GetMessages - Size: 743 bytes | Retrieved 9 messages
2025-02-26 17:11:40,153 - INFO - GRPC Incoming - GetMessages - Size: 40 bytes | Session Token: 3761bf8a-62f8-4bc6-a37c-c16fe683fcff
2025-02-26 17:11:40,153 - INFO - GRPC Outgoing - GetMessages - Size: 743 bytes | Retrieved 9 messages
2025-02-26 17:11:41,653 - INFO - GRPC Incoming - GetMessages - Size: 41 bytes | Session Token: 3396f864-9b68-4d79-87ba-018ea6da194c
2025-02-26 17:11:41,654 - INFO - GRPC Outgoing - GetMessages - Size: 1573 bytes | Retrieved 20 messages
2025-02-26 17:11:41,655 - INFO - GRPC Incoming - GetMessages - Size: 40 bytes | Session Token: 3396f864-9b68-4d79-87ba-018ea6da194c
2025-02-26 17:11:41,656 - INFO - GRPC Outgoing - GetMessages - Size: 1573 bytes | Retrieved 20 messages
2025-02-26 17:11:42,150 - INFO - GRPC Incoming - GetMessages - Size: 41 bytes | Session Token: 3761bf8a-62f8-4bc6-a37c-c16fe683fcff
2025-02-26 17:11:42,151 - INFO - GRPC Outgoing - GetMessages - Size: 743 bytes | Retrieved 9 messages
2025-02-26 17:11:42,152 - INFO - GRPC Incoming - GetMessages - Size: 40 bytes | Session Token: 3761bf8a-62f8-4bc6-a37c-c16fe683fcff
2025-02-26 17:11:42,153 - INFO - GRPC Outgoing - GetMessages - Size: 743 bytes | Retrieved 9 messages
2025-02-26 17:11:43,651 - INFO - GRPC Incoming - GetMessages - Size: 41 bytes | Session Token: 3396f864-9b68-4d79-87ba-018ea6da194c
2025-02-26 17:11:43,652 - INFO - GRPC Outgoing - GetMessages - Size: 1573 bytes | Retrieved 20 messages
2025-02-26 17:11:43,653 - INFO - GRPC Incoming - GetMessages - Size: 40 bytes | Session Token: 3396f864-9b68-4d79-87ba-018ea6da194c
2025-02-26 17:11:43,654 - INFO - GRPC Outgoing - GetMessages - Size: 1573 bytes | Retrieved 20 messages
2025-02-26 17:11:44,151 - INFO - GRPC Incoming - GetMessages - Size: 41 bytes | Session Token: 3761bf8a-62f8-4bc6-a37c-c16fe683fcff
2025-02-26 17:11:44,151 - INFO - GRPC Outgoing - GetMessages - Size: 743 bytes | Retrieved 9 messages
2025-02-26 17:11:44,153 - INFO - GRPC Incoming - GetMessages - Size: 40 bytes | Session Token: 3761bf8a-62f8-4bc6-a37c-c16fe683fcff
2025-02-26 17:11:44,153 - INFO - GRPC Outgoing - GetMessages - Size: 743 bytes | Retrieved 9 messages
2025-02-26 17:11:45,652 - INFO - GRPC Incoming - GetMessages - Size: 41 bytes | Session Token: 3396f864-9b68-4d79-87ba-018ea6da194c
2025-02-26 17:11:45,653 - INFO - GRPC Outgoing - GetMessages - Size: 1573 bytes | Retrieved 20 messages
2025-02-26 17:11:45,655 - INFO - GRPC Incoming - GetMessages - Size: 40 bytes | Session Token: 3396f864-9b68-4d79-87ba-018ea6da194c
2025-02-26 17:11:45,655 - INFO - GRPC Outgoing - GetMessages - Size: 1573 bytes | Retrieved 20 messages
2025-02-26 17:11:46,152 - INFO - GRPC Incoming - GetMessages - Size: 41 bytes | Session Token: 3761bf8a-62f8-4bc6-a37c-c16fe683fcff
2025-02-26 17:11:46,152 - INFO - GRPC Outgoing - GetMessages - Size: 743 bytes | Retrieved 9 messages
2025-02-26 17:11:46,154 - INFO - GRPC Incoming - GetMessages - Size: 40 bytes | Session Token: 3761bf8a-62f8-4bc6-a37c-c16fe683fcff
2025-02-26 17:11:46,154 - INFO - GRPC Outgoing - GetMessages - Size: 743 bytes | Retrieved 9 messages
2025-02-26 17:11:47,649 - INFO - GRPC Incoming - GetMessages - Size: 41 bytes | Session Token: 3396f864-9b68-4d79-87ba-018ea6da194c
2025-02-26 17:11:47,649 - INFO - GRPC Outgoing - GetMessages - Size: 1573 bytes | Retrieved 20 messages
2025-02-26 17:11:47,650 - INFO - GRPC Incoming - GetMessages - Size: 40 bytes | Session Token: 3396f864-9b68-4d79-87ba-018ea6da194c
2025-02-26 17:11:47,650 - INFO - GRPC Outgoing - GetMessages - Size: 1573 bytes | Retrieved 20 messages
2025-02-26 17:11:48,149 - INFO - GRPC Incoming - GetMessages - Size: 41 bytes | Session Token: 3761bf8a-62f8-4bc6-a37c-c16fe683fcff
2025-02-26 17:11:48,150 - INFO - GRPC Outgoing - GetMessages - Size: 743 bytes | Retrieved 9 messages
2025-02-26 17:11:48,151 - INFO - GRPC Incoming - GetMessages - Size: 40 bytes | Session Token: 3761bf8a-62f8-4bc6-a37c-c16fe683fcff
2025-02-26 17:11:48,152 - INFO - GRPC Outgoing - GetMessages - Size: 743 bytes | Retrieved 9 messages
2025-02-26 17:11:49,655 - INFO - GRPC Incoming - GetMessages - Size: 41 bytes | Session Token: 3396f864-9b68-4d79-87ba-018ea6da194c
2025-02-26 17:11:49,656 - INFO - GRPC Outgoing - GetMessages - Size: 1573 bytes | Retrieved 20 messages
2025-02-26 17:11:49,658 - INFO - GRPC Incoming - GetMessages - Size: 40 bytes | Session Token: 3396f864-9b68-4d79-87ba-018ea6da194c
2025-02-26 17:11:49,659 - INFO - GRPC Outgoing - GetMessages - Size: 1573 bytes | Retrieved 20 messages
2025-02-26 17:11:50,152 - INFO - GRPC Incoming - GetMessages - Size: 41 bytes | Session Token: 3761bf8a-62f8-4bc6-a37c-c16fe683fcff
2025-02-26 17:11:50,153 - INFO - GRPC Outgoing - GetMessages - Size: 743 bytes | Retrieved 9 messages
2025-02-26 17:11:50,154 - INFO - GRPC Incoming - GetMessages - Size: 40 bytes | Session Token: 3761bf8a-62f8-4bc6-a37c-c16fe683fcff
2025-02-26 17:11:50,155 - INFO - GRPC Outgoing - GetMessages - Size: 743 bytes | Retrieved 9 messages
2025-02-26 17:11:51,429 - INFO - Logout attempt for user: sein
2025-02-26 17:11:51,649 - INFO - GRPC Incoming - GetMessages - Size: 41 bytes | Session Token: 3396f864-9b68-4d79-87ba-018ea6da194c
2025-02-26 17:11:51,650 - INFO - GRPC Outgoing - GetMessages - Size: 1573 bytes | Retrieved 20 messages
2025-02-26 17:11:51,651 - INFO - GRPC Incoming - GetMessages - Size: 40 bytes | Session Token: 3396f864-9b68-4d79-87ba-018ea6da194c
2025-02-26 17:11:51,651 - INFO - GRPC Outgoing - GetMessages - Size: 1573 bytes | Retrieved 20 messages
2025-02-26 17:11:53,656 - INFO - GRPC Incoming - GetMessages - Size: 41 bytes | Session Token: 3396f864-9b68-4d79-87ba-018ea6da194c
2025-02-26 17:11:53,657 - INFO - GRPC Outgoing - GetMessages - Size: 1573 bytes | Retrieved 20 messages
2025-02-26 17:11:53,659 - INFO - GRPC Incoming - GetMessages - Size: 40 bytes | Session Token: 3396f864-9b68-4d79-87ba-018ea6da194c
2025-02-26 17:11:53,660 - INFO - GRPC Outgoing - GetMessages - Size: 1573 bytes | Retrieved 20 messages
2025-02-26 17:11:53,831 - INFO - Logout attempt for user: mo
2025-02-26 17:11:57,407 - INFO - Shutting down server...
